0:0:0:0:0:0:0:1 -  -  [08/Jun/2015:05:52:26 +0000] "GET / HTTP/1.1" 200 3385  33
0:0:0:0:0:0:0:1 -  -  [08/Jun/2015:05:52:26 +0000] "GET /c/jsoneditor/dist/jsoneditor.css HTTP/1.1" 200 12807  4
0:0:0:0:0:0:0:1 -  -  [08/Jun/2015:05:52:26 +0000] "GET /s/jsoneditor/dist/jsoneditor.js HTTP/1.1" 200 919196  40
0:0:0:0:0:0:0:1 -  -  [08/Jun/2015:05:52:26 +0000] "GET /favicon.ico HTTP/1.1" 404 1376  2
0:0:0:0:0:0:0:1 -  -  [08/Jun/2015:05:53:46 +0000] "GET / HTTP/1.1" 304 0  6
0:0:0:0:0:0:0:1 -  -  [08/Jun/2015:05:54:24 +0000] "GET / HTTP/1.1" 200 3398  29
0:0:0:0:0:0:0:1 -  -  [08/Jun/2015:05:54:24 +0000] "GET /c/jsoneditor/dist/jsoneditor.css HTTP/1.1" 200 12807  9
0:0:0:0:0:0:0:1 -  -  [08/Jun/2015:05:54:24 +0000] "GET /s/jsoneditor/dist/jsoneditor.js HTTP/1.1" 200 919196  42
0:0:0:0:0:0:0:1 -  -  [08/Jun/2015:05:54:24 +0000] "GET /favicon.ico HTTP/1.1" 404 1376  3
0:0:0:0:0:0:0:1 -  -  [08/Jun/2015:05:55:16 +0000] "GET / HTTP/1.1" 304 0  5
0:0:0:0:0:0:0:1 -  -  [08/Jun/2015:05:57:47 +0000] "GET / HTTP/1.1" 200 3377  31
0:0:0:0:0:0:0:1 -  -  [08/Jun/2015:05:57:47 +0000] "GET /c/jsoneditor/dist/jsoneditor.css HTTP/1.1" 200 12807  9
0:0:0:0:0:0:0:1 -  -  [08/Jun/2015:05:57:47 +0000] "GET /s/jsoneditor/dist/jsoneditor.js HTTP/1.1" 200 919196  39
0:0:0:0:0:0:0:1 -  -  [08/Jun/2015:05:57:47 +0000] "GET /favicon.ico HTTP/1.1" 404 1376  2
0:0:0:0:0:0:0:1 -  -  [08/Jun/2015:05:57:49 +0000] "GET /?url=&rootXpath=&display=Extract HTTP/1.1" 200 3377  9
0:0:0:0:0:0:0:1 -  -  [08/Jun/2015:05:57:49 +0000] "GET /getQuestions HTTP/1.1" 200 5  182
0:0:0:0:0:0:0:1 -  -  [08/Jun/2015:05:57:59 +0000] "GET /?url=&rootXpath=&display=Extract HTTP/1.1" 304 0  6
0:0:0:0:0:0:0:1 -  -  [08/Jun/2015:05:57:59 +0000] "GET /getQuestions HTTP/1.1" 200 5  20
0:0:0:0:0:0:0:1 -  -  [08/Jun/2015:06:02:05 +0000] "GET / HTTP/1.1" 200 3408  29
0:0:0:0:0:0:0:1 -  -  [08/Jun/2015:06:02:05 +0000] "GET /c/jsoneditor/dist/jsoneditor.css HTTP/1.1" 200 12807  7
0:0:0:0:0:0:0:1 -  -  [08/Jun/2015:06:02:05 +0000] "GET /s/jsoneditor/dist/jsoneditor.js HTTP/1.1" 200 919196  43
0:0:0:0:0:0:0:1 -  -  [08/Jun/2015:06:02:05 +0000] "GET /favicon.ico HTTP/1.1" 404 1376  3
0:0:0:0:0:0:0:1 -  -  [08/Jun/2015:06:02:07 +0000] "GET /?url=&rootXpath=&display=Extract HTTP/1.1" 200 3408  6
0:0:0:0:0:0:0:1 -  -  [08/Jun/2015:06:02:13 +0000] "GET /?url=&rootXpath=&display=Extract HTTP/1.1" 304 0  6
0:0:0:0:0:0:0:1 -  -  [08/Jun/2015:06:02:51 +0000] "GET / HTTP/1.1" 200 3417  29
0:0:0:0:0:0:0:1 -  -  [08/Jun/2015:06:02:51 +0000] "GET /c/jsoneditor/dist/jsoneditor.css HTTP/1.1" 200 12807  12
0:0:0:0:0:0:0:1 -  -  [08/Jun/2015:06:02:51 +0000] "GET /s/jsoneditor/dist/jsoneditor.js HTTP/1.1" 200 919196  43
0:0:0:0:0:0:0:1 -  -  [08/Jun/2015:06:02:52 +0000] "GET /favicon.ico HTTP/1.1" 404 1376  3
0:0:0:0:0:0:0:1 -  -  [08/Jun/2015:06:03:04 +0000] "GET /?url=&rootXpath=&display=Extract HTTP/1.1" 200 3417  7
0:0:0:0:0:0:0:1 -  -  [08/Jun/2015:06:03:04 +0000] "GET /getQuestions HTTP/1.1" 200 5  154
0:0:0:0:0:0:0:1 -  -  [08/Jun/2015:06:04:18 +0000] "GET / HTTP/1.1" 200 3453  31
0:0:0:0:0:0:0:1 -  -  [08/Jun/2015:06:04:18 +0000] "GET /c/jsoneditor/dist/jsoneditor.css HTTP/1.1" 200 12807  7
0:0:0:0:0:0:0:1 -  -  [08/Jun/2015:06:04:18 +0000] "GET /s/jsoneditor/dist/jsoneditor.js HTTP/1.1" 200 919196  38
0:0:0:0:0:0:0:1 -  -  [08/Jun/2015:06:04:18 +0000] "GET /favicon.ico HTTP/1.1" 404 1376  3
0:0:0:0:0:0:0:1 -  -  [08/Jun/2015:06:04:20 +0000] "GET /?url=&rootXpath=&display=Extract HTTP/1.1" 200 3453  9
0:0:0:0:0:0:0:1 -  -  [08/Jun/2015:06:04:20 +0000] "GET /getQuestions HTTP/1.1" 200 5  158
0:0:0:0:0:0:0:1 -  -  [08/Jun/2015:06:05:25 +0000] "GET / HTTP/1.1" 304 0  31
0:0:0:0:0:0:0:1 -  -  [08/Jun/2015:06:05:29 +0000] "GET /?url=&rootXpath=&display=Extract HTTP/1.1" 304 0  6
0:0:0:0:0:0:0:1 -  -  [08/Jun/2015:06:05:29 +0000] "GET /getQuestions HTTP/1.1" 200 2  149
0:0:0:0:0:0:0:1 -  -  [08/Jun/2015:06:06:49 +0000] "GET / HTTP/1.1" 304 0  34
0:0:0:0:0:0:0:1 -  -  [08/Jun/2015:06:06:51 +0000] "GET /?url=&rootXpath=&display=Extract HTTP/1.1" 304 0  7
0:0:0:0:0:0:0:1 -  -  [08/Jun/2015:06:06:51 +0000] "GET /getQuestions HTTP/1.1" 200 2  159
0:0:0:0:0:0:0:1 -  -  [08/Jun/2015:06:07:23 +0000] "GET / HTTP/1.1" 200 3461  31
0:0:0:0:0:0:0:1 -  -  [08/Jun/2015:06:07:23 +0000] "GET /c/jsoneditor/dist/jsoneditor.css HTTP/1.1" 200 12807  6
0:0:0:0:0:0:0:1 -  -  [08/Jun/2015:06:07:23 +0000] "GET /s/jsoneditor/dist/jsoneditor.js HTTP/1.1" 200 919196  40
0:0:0:0:0:0:0:1 -  -  [08/Jun/2015:06:07:24 +0000] "GET /favicon.ico HTTP/1.1" 404 1376  3
0:0:0:0:0:0:0:1 -  -  [08/Jun/2015:06:07:25 +0000] "GET /?url=&rootXpath=&display=Extract HTTP/1.1" 200 3461  8
0:0:0:0:0:0:0:1 -  -  [08/Jun/2015:06:07:25 +0000] "GET /getQuestions HTTP/1.1" 200 2  154
0:0:0:0:0:0:0:1 -  -  [08/Jun/2015:06:08:21 +0000] "GET / HTTP/1.1" 200 3503  29
0:0:0:0:0:0:0:1 -  -  [08/Jun/2015:06:08:21 +0000] "GET /c/jsoneditor/dist/jsoneditor.css HTTP/1.1" 200 12807  7
0:0:0:0:0:0:0:1 -  -  [08/Jun/2015:06:08:21 +0000] "GET /s/jsoneditor/dist/jsoneditor.js HTTP/1.1" 200 919196  39
0:0:0:0:0:0:0:1 -  -  [08/Jun/2015:06:08:22 +0000] "GET /favicon.ico HTTP/1.1" 404 1376  2
0:0:0:0:0:0:0:1 -  -  [08/Jun/2015:06:08:22 +0000] "GET /?url=&rootXpath=&display=Extract HTTP/1.1" 200 3503  8
0:0:0:0:0:0:0:1 -  -  [08/Jun/2015:06:08:22 +0000] "GET /getQuestions HTTP/1.1" 200 2  165
0:0:0:0:0:0:0:1 -  -  [08/Jun/2015:06:08:31 +0000] "GET /?url=&rootXpath=&display=Extract HTTP/1.1" 304 0  9
0:0:0:0:0:0:0:1 -  -  [08/Jun/2015:06:08:31 +0000] "GET /getQuestions HTTP/1.1" 200 2  22
0:0:0:0:0:0:0:1 -  -  [08/Jun/2015:06:09:14 +0000] "GET / HTTP/1.1" 200 3497  30
0:0:0:0:0:0:0:1 -  -  [08/Jun/2015:06:09:14 +0000] "GET /c/jsoneditor/dist/jsoneditor.css HTTP/1.1" 200 12807  7
0:0:0:0:0:0:0:1 -  -  [08/Jun/2015:06:09:14 +0000] "GET /s/jsoneditor/dist/jsoneditor.js HTTP/1.1" 200 919196  42
0:0:0:0:0:0:0:1 -  -  [08/Jun/2015:06:09:14 +0000] "GET /favicon.ico HTTP/1.1" 404 1376  3
0:0:0:0:0:0:0:1 -  -  [08/Jun/2015:06:09:15 +0000] "GET /?url=&rootXpath=&display=Extract HTTP/1.1" 200 3497  8
0:0:0:0:0:0:0:1 -  -  [08/Jun/2015:06:09:15 +0000] "GET /getQuestions HTTP/1.1" 200 2  160
0:0:0:0:0:0:0:1 -  -  [08/Jun/2015:06:17:03 +0000] "GET / HTTP/1.1" 200 3497  30
0:0:0:0:0:0:0:1 -  -  [08/Jun/2015:06:17:03 +0000] "GET /c/jsoneditor/dist/jsoneditor.css HTTP/1.1" 200 12807  10
0:0:0:0:0:0:0:1 -  -  [08/Jun/2015:06:17:03 +0000] "GET /s/jsoneditor/dist/jsoneditor.js HTTP/1.1" 200 919196  39
0:0:0:0:0:0:0:1 -  -  [08/Jun/2015:06:17:04 +0000] "GET /favicon.ico HTTP/1.1" 404 1376  2
0:0:0:0:0:0:0:1 -  -  [08/Jun/2015:06:17:05 +0000] "GET /?url=&rootXpath=&display=Extract HTTP/1.1" 200 3497  10
0:0:0:0:0:0:0:1 -  -  [08/Jun/2015:06:17:05 +0000] "GET /getQuestions HTTP/1.1" 200 231  185
0:0:0:0:0:0:0:1 -  -  [08/Jun/2015:06:18:23 +0000] "GET /?url=&rootXpath=&display=Extract HTTP/1.1" 304 0  7
0:0:0:0:0:0:0:1 -  -  [08/Jun/2015:06:18:23 +0000] "GET /getQuestions HTTP/1.1" 200 231  21
0:0:0:0:0:0:0:1 -  -  [08/Jun/2015:06:19:26 +0000] "GET / HTTP/1.1" 200 3493  32
0:0:0:0:0:0:0:1 -  -  [08/Jun/2015:06:19:26 +0000] "GET /c/jsoneditor/dist/jsoneditor.css HTTP/1.1" 200 12807  5
0:0:0:0:0:0:0:1 -  -  [08/Jun/2015:06:19:26 +0000] "GET /s/jsoneditor/dist/jsoneditor.js HTTP/1.1" 200 919196  45
0:0:0:0:0:0:0:1 -  -  [08/Jun/2015:06:19:26 +0000] "GET /favicon.ico HTTP/1.1" 404 1376  2
0:0:0:0:0:0:0:1 -  -  [08/Jun/2015:06:19:27 +0000] "GET /?url=&rootXpath=&display=Extract HTTP/1.1" 200 3493  10
0:0:0:0:0:0:0:1 -  -  [08/Jun/2015:06:19:27 +0000] "GET /getQuestions HTTP/1.1" 200 231  161
0:0:0:0:0:0:0:1 -  -  [08/Jun/2015:06:20:10 +0000] "GET /?url=&rootXpath=&display=Extract HTTP/1.1" 304 0  36
0:0:0:0:0:0:0:1 -  -  [08/Jun/2015:06:20:10 +0000] "GET /getQuestions HTTP/1.1" 200 231  181
0:0:0:0:0:0:0:1 -  -  [08/Jun/2015:06:22:47 +0000] "GET / HTTP/1.1" 200 3179  28
0:0:0:0:0:0:0:1 -  -  [08/Jun/2015:06:22:47 +0000] "GET /c/jsoneditor/dist/jsoneditor.css HTTP/1.1" 200 12807  9
0:0:0:0:0:0:0:1 -  -  [08/Jun/2015:06:22:47 +0000] "GET /s/jsoneditor/dist/jsoneditor.js HTTP/1.1" 200 919196  45
0:0:0:0:0:0:0:1 -  -  [08/Jun/2015:06:22:47 +0000] "GET /favicon.ico HTTP/1.1" 404 1376  2
0:0:0:0:0:0:0:1 -  -  [08/Jun/2015:06:22:49 +0000] "GET /?url=&rootXpath=&display=Extract HTTP/1.1" 200 3179  8
0:0:0:0:0:0:0:1 -  -  [08/Jun/2015:06:22:49 +0000] "GET /getQuestions HTTP/1.1" 200 231  177
0:0:0:0:0:0:0:1 -  -  [08/Jun/2015:06:24:58 +0000] "GET /?url=&rootXpath=&display=Extract HTTP/1.1" 304 0  6
0:0:0:0:0:0:0:1 -  -  [08/Jun/2015:06:24:58 +0000] "GET /getQuestions HTTP/1.1" 200 231  17
0:0:0:0:0:0:0:1 -  -  [08/Jun/2015:08:49:49 +0000] "GET / HTTP/1.1" 304 0  29
0:0:0:0:0:0:0:1 -  -  [08/Jun/2015:08:50:15 +0000] "GET /getQuestions HTTP/1.1" 200 231  180
0:0:0:0:0:0:0:1 -  -  [08/Jun/2015:08:51:14 +0000] "GET /?url=&rootXpath=&display=Extract HTTP/1.1" 304 0  5
0:0:0:0:0:0:0:1 -  -  [08/Jun/2015:08:51:18 +0000] "GET /getQuestions HTTP/1.1" 200 231  11
0:0:0:0:0:0:0:1 -  -  [08/Jun/2015:08:51:56 +0000] "GET /getQuestions HTTP/1.1" 200 231  22
0:0:0:0:0:0:0:1 -  -  [08/Jun/2015:08:54:18 +0000] "GET / HTTP/1.1" 200 3883  30
0:0:0:0:0:0:0:1 -  -  [08/Jun/2015:08:54:18 +0000] "GET /c/jsoneditor/dist/jsoneditor.css HTTP/1.1" 200 12807  6
0:0:0:0:0:0:0:1 -  -  [08/Jun/2015:08:54:18 +0000] "GET /s/jsoneditor/dist/jsoneditor.js HTTP/1.1" 200 919196  34
0:0:0:0:0:0:0:1 -  -  [08/Jun/2015:08:54:18 +0000] "GET /favicon.ico HTTP/1.1" 404 1376  3
0:0:0:0:0:0:0:1 -  -  [08/Jun/2015:08:54:37 +0000] "GET /getQuestions HTTP/1.1" 200 231  169
0:0:0:0:0:0:0:1 -  -  [08/Jun/2015:08:55:00 +0000] "GET /?url=&rootXpath=&display=Extract HTTP/1.1" 200 3883  6
0:0:0:0:0:0:0:1 -  -  [08/Jun/2015:08:56:13 +0000] "GET / HTTP/1.1" 200 3948  32
0:0:0:0:0:0:0:1 -  -  [08/Jun/2015:08:56:13 +0000] "GET /c/jsoneditor/dist/jsoneditor.css HTTP/1.1" 200 12807  3
0:0:0:0:0:0:0:1 -  -  [08/Jun/2015:08:56:13 +0000] "GET /s/jsoneditor/dist/jsoneditor.js HTTP/1.1" 200 919196  26
0:0:0:0:0:0:0:1 -  -  [08/Jun/2015:08:56:22 +0000] "GET / HTTP/1.1" 304 0  3
0:0:0:0:0:0:0:1 -  -  [08/Jun/2015:08:56:45 +0000] "GET /?url=&rootXpath=&display=Extract HTTP/1.1" 200 3948  5
0:0:0:0:0:0:0:1 -  -  [08/Jun/2015:08:56:45 +0000] "GET /getQuestions HTTP/1.1" 200 231  152
0:0:0:0:0:0:0:1 -  -  [08/Jun/2015:08:57:05 +0000] "GET /getQuestions HTTP/1.1" 200 231  17
0:0:0:0:0:0:0:1 -  -  [08/Jun/2015:08:57:55 +0000] "GET /c/jsoneditor/dist/img/jsoneditor-icons.png HTTP/1.1" 304 0  3
0:0:0:0:0:0:0:1 -  -  [08/Jun/2015:08:57:55 +0000] "GET /?url=&rootXpath=&display=Extract HTTP/1.1" 304 0  4
0:0:0:0:0:0:0:1 -  -  [08/Jun/2015:09:02:14 +0000] "GET / HTTP/1.1" 200 3949  32
0:0:0:0:0:0:0:1 -  -  [08/Jun/2015:09:02:14 +0000] "GET /c/jsoneditor/dist/jsoneditor.css HTTP/1.1" 200 12807  6
0:0:0:0:0:0:0:1 -  -  [08/Jun/2015:09:02:14 +0000] "GET /s/jsoneditor/dist/jsoneditor.js HTTP/1.1" 200 919196  35
0:0:0:0:0:0:0:1 -  -  [08/Jun/2015:09:02:16 +0000] "GET /getQuestions HTTP/1.1" 200 231  141
0:0:0:0:0:0:0:1 -  -  [08/Jun/2015:09:02:18 +0000] "GET /c/jsoneditor/dist/img/jsoneditor-icons.png HTTP/1.1" 200 14438  4
0:0:0:0:0:0:0:1 -  -  [08/Jun/2015:09:02:18 +0000] "GET /?url=&rootXpath=&display=Extract HTTP/1.1" 200 3949  5
0:0:0:0:0:0:0:1 -  -  [08/Jun/2015:09:03:39 +0000] "GET / HTTP/1.1" 200 3953  35
0:0:0:0:0:0:0:1 -  -  [08/Jun/2015:09:03:40 +0000] "GET /s/jsoneditor/dist/jsoneditor.js HTTP/1.1" 304 0  3
0:0:0:0:0:0:0:1 -  -  [08/Jun/2015:09:03:40 +0000] "GET /c/jsoneditor/dist/jsoneditor.css HTTP/1.1" 200 12807  7
0:0:0:0:0:0:0:1 -  -  [08/Jun/2015:09:03:41 +0000] "GET /getQuestions HTTP/1.1" 200 231  149
0:0:0:0:0:0:0:1 -  -  [08/Jun/2015:09:03:43 +0000] "GET /c/jsoneditor/dist/img/jsoneditor-icons.png HTTP/1.1" 200 14438  2
0:0:0:0:0:0:0:1 -  -  [08/Jun/2015:09:03:43 +0000] "GET /?url=&rootXpath=&display=Extract HTTP/1.1" 200 3953  7
0:0:0:0:0:0:0:1 -  -  [08/Jun/2015:09:05:06 +0000] "GET / HTTP/1.1" 200 3605  33
0:0:0:0:0:0:0:1 -  -  [08/Jun/2015:09:05:06 +0000] "GET /c/jsoneditor/dist/jsoneditor.css HTTP/1.1" 304 0  3
0:0:0:0:0:0:0:1 -  -  [08/Jun/2015:09:05:06 +0000] "GET /s/jsoneditor/dist/jsoneditor.js HTTP/1.1" 304 0  3
0:0:0:0:0:0:0:1 -  -  [08/Jun/2015:09:05:08 +0000] "GET /getQuestions HTTP/1.1" 200 231  144
0:0:0:0:0:0:0:1 -  -  [08/Jun/2015:09:05:10 +0000] "GET /c/jsoneditor/dist/img/jsoneditor-icons.png HTTP/1.1" 200 14438  3
0:0:0:0:0:0:0:1 -  -  [08/Jun/2015:09:05:10 +0000] "GET /?url=&rootXpath=&display=Extract HTTP/1.1" 200 3605  5
0:0:0:0:0:0:0:1 -  -  [08/Jun/2015:09:05:24 +0000] "GET /getQuestions HTTP/1.1" 200 231  10
0:0:0:0:0:0:0:1 -  -  [08/Jun/2015:09:05:26 +0000] "GET /?url=&rootXpath=&display=Extract HTTP/1.1" 304 0  3
0:0:0:0:0:0:0:1 -  -  [08/Jun/2015:09:05:27 +0000] "GET /getQuestions HTTP/1.1" 200 231  16
0:0:0:0:0:0:0:1 -  -  [08/Jun/2015:09:05:29 +0000] "GET /getQuestions HTTP/1.1" 200 231  8
0:0:0:0:0:0:0:1 -  -  [08/Jun/2015:09:05:30 +0000] "GET /?url=&rootXpath=&display=Extract HTTP/1.1" 304 0  3
0:0:0:0:0:0:0:1 -  -  [08/Jun/2015:09:05:32 +0000] "GET /getQuestions HTTP/1.1" 200 231  9
0:0:0:0:0:0:0:1 -  -  [08/Jun/2015:09:18:06 +0000] "GET / HTTP/1.1" 200 3633  30
0:0:0:0:0:0:0:1 -  -  [08/Jun/2015:09:18:06 +0000] "GET /c/jsoneditor/dist/jsoneditor.css HTTP/1.1" 304 0  5
0:0:0:0:0:0:0:1 -  -  [08/Jun/2015:09:18:06 +0000] "GET /s/jsoneditor/dist/jsoneditor.js HTTP/1.1" 304 0  5
0:0:0:0:0:0:0:1 -  -  [08/Jun/2015:09:18:08 +0000] "GET /getQuestions HTTP/1.1" 200 231  145
0:0:0:0:0:0:0:1 -  -  [08/Jun/2015:09:18:09 +0000] "GET /c/jsoneditor/dist/img/jsoneditor-icons.png HTTP/1.1" 200 14438  3
0:0:0:0:0:0:0:1 -  -  [08/Jun/2015:09:18:09 +0000] "GET /?url=&rootXpath=&display=Extract HTTP/1.1" 200 3633  5
0:0:0:0:0:0:0:1 -  -  [08/Jun/2015:09:19:03 +0000] "GET / HTTP/1.1" 200 3632  32
0:0:0:0:0:0:0:1 -  -  [08/Jun/2015:09:19:03 +0000] "GET /s/jsoneditor/dist/jsoneditor.js HTTP/1.1" 304 0  3
0:0:0:0:0:0:0:1 -  -  [08/Jun/2015:09:19:03 +0000] "GET /c/jsoneditor/dist/jsoneditor.css HTTP/1.1" 304 0  7
0:0:0:0:0:0:0:1 -  -  [08/Jun/2015:09:19:04 +0000] "GET /getQuestions HTTP/1.1" 200 231  150
0:0:0:0:0:0:0:1 -  -  [08/Jun/2015:09:19:06 +0000] "GET /c/jsoneditor/dist/img/jsoneditor-icons.png HTTP/1.1" 200 14438  4
0:0:0:0:0:0:0:1 -  -  [08/Jun/2015:09:19:06 +0000] "GET /?url=&rootXpath=&display=Extract HTTP/1.1" 200 3632  6
0:0:0:0:0:0:0:1 -  -  [08/Jun/2015:10:09:09 +0000] "GET / HTTP/1.1" 200 3632  32
0:0:0:0:0:0:0:1 -  -  [08/Jun/2015:10:09:10 +0000] "GET /s/jsoneditor/dist/jsoneditor.js HTTP/1.1" 304 0  4
0:0:0:0:0:0:0:1 -  -  [08/Jun/2015:10:09:10 +0000] "GET /c/jsoneditor/dist/jsoneditor.css HTTP/1.1" 304 0  5
0:0:0:0:0:0:0:1 -  -  [08/Jun/2015:10:09:12 +0000] "GET /getQuestions HTTP/1.1" 200 231  156
0:0:0:0:0:0:0:1 -  -  [08/Jun/2015:10:09:14 +0000] "GET /c/jsoneditor/dist/img/jsoneditor-icons.png HTTP/1.1" 200 14438  3
0:0:0:0:0:0:0:1 -  -  [08/Jun/2015:10:09:22 +0000] "GET /getQuestions HTTP/1.1" 200 231  12
0:0:0:0:0:0:0:1 -  -  [08/Jun/2015:10:10:30 +0000] "GET / HTTP/1.1" 304 0  31
0:0:0:0:0:0:0:1 -  -  [08/Jun/2015:10:10:32 +0000] "GET /getQuestions HTTP/1.1" 200 889  140
0:0:0:0:0:0:0:1 -  -  [08/Jun/2015:10:32:27 +0000] "GET / HTTP/1.1" 304 0  32
0:0:0:0:0:0:0:1 -  -  [08/Jun/2015:10:32:29 +0000] "GET /getQuestions HTTP/1.1" 200 889  134
0:0:0:0:0:0:0:1 -  -  [08/Jun/2015:10:32:53 +0000] "GET / HTTP/1.1" 200 3632  35
0:0:0:0:0:0:0:1 -  -  [08/Jun/2015:10:32:54 +0000] "GET /c/jsoneditor/dist/jsoneditor.css HTTP/1.1" 304 0  5
0:0:0:0:0:0:0:1 -  -  [08/Jun/2015:10:32:54 +0000] "GET /s/jsoneditor/dist/jsoneditor.js HTTP/1.1" 304 0  6
0:0:0:0:0:0:0:1 -  -  [08/Jun/2015:10:32:55 +0000] "GET /getQuestions HTTP/1.1" 200 889  139
0:0:0:0:0:0:0:1 -  -  [08/Jun/2015:10:32:57 +0000] "GET /c/jsoneditor/dist/img/jsoneditor-icons.png HTTP/1.1" 200 14438  3
0:0:0:0:0:0:0:1 -  -  [08/Jun/2015:10:38:35 +0000] "GET / HTTP/1.1" 200 3632  31
0:0:0:0:0:0:0:1 -  -  [08/Jun/2015:10:38:35 +0000] "GET /c/jsoneditor/dist/jsoneditor.css HTTP/1.1" 304 0  4
0:0:0:0:0:0:0:1 -  -  [08/Jun/2015:10:38:35 +0000] "GET /s/jsoneditor/dist/jsoneditor.js HTTP/1.1" 304 0  4
0:0:0:0:0:0:0:1 -  -  [08/Jun/2015:10:38:37 +0000] "GET /getQuestions HTTP/1.1" 200 889  139
0:0:0:0:0:0:0:1 -  -  [08/Jun/2015:10:38:39 +0000] "GET /c/jsoneditor/dist/img/jsoneditor-icons.png HTTP/1.1" 200 14438  3
0:0:0:0:0:0:0:1 -  -  [08/Jun/2015:10:49:39 +0000] "GET / HTTP/1.1" 200 3632  30
0:0:0:0:0:0:0:1 -  -  [08/Jun/2015:10:49:39 +0000] "GET /c/jsoneditor/dist/jsoneditor.css HTTP/1.1" 304 0  5
0:0:0:0:0:0:0:1 -  -  [08/Jun/2015:10:49:39 +0000] "GET /s/jsoneditor/dist/jsoneditor.js HTTP/1.1" 304 0  7
0:0:0:0:0:0:0:1 -  -  [08/Jun/2015:10:49:41 +0000] "GET /getQuestions HTTP/1.1" 200 889  134
0:0:0:0:0:0:0:1 -  -  [08/Jun/2015:10:49:42 +0000] "GET /c/jsoneditor/dist/img/jsoneditor-icons.png HTTP/1.1" 200 14438  3
0:0:0:0:0:0:0:1 -  -  [08/Jun/2015:11:23:41 +0000] "GET / HTTP/1.1" 200 3897  33
0:0:0:0:0:0:0:1 -  -  [08/Jun/2015:11:23:41 +0000] "GET /s/jsoneditor/dist/jsoneditor.js HTTP/1.1" 304 0  7
0:0:0:0:0:0:0:1 -  -  [08/Jun/2015:11:23:41 +0000] "GET /c/jsoneditor/dist/jsoneditor.css HTTP/1.1" 304 0  7
0:0:0:0:0:0:0:1 -  -  [08/Jun/2015:11:25:12 +0000] "GET / HTTP/1.1" 200 3898  31
0:0:0:0:0:0:0:1 -  -  [08/Jun/2015:11:25:12 +0000] "GET /c/jsoneditor/dist/jsoneditor.css HTTP/1.1" 304 0  3
0:0:0:0:0:0:0:1 -  -  [08/Jun/2015:11:25:12 +0000] "GET /s/jsoneditor/dist/jsoneditor.js HTTP/1.1" 304 0  3
0:0:0:0:0:0:0:1 -  -  [08/Jun/2015:11:25:52 +0000] "GET / HTTP/1.1" 304 0  3
0:0:0:0:0:0:0:1 -  -  [08/Jun/2015:11:26:17 +0000] "GET / HTTP/1.1" 200 3764  32
0:0:0:0:0:0:0:1 -  -  [08/Jun/2015:11:28:06 +0000] "GET / HTTP/1.1" 200 3926  34
0:0:0:0:0:0:0:1 -  -  [08/Jun/2015:11:29:28 +0000] "GET / HTTP/1.1" 304 0  4
0:0:0:0:0:0:0:1 -  -  [08/Jun/2015:11:30:27 +0000] "GET / HTTP/1.1" 200 3951  32
0:0:0:0:0:0:0:1 -  -  [08/Jun/2015:11:31:44 +0000] "GET / HTTP/1.1" 200 3952  32
0:0:0:0:0:0:0:1 -  -  [08/Jun/2015:11:43:46 +0000] "GET / HTTP/1.1" 200 4377  35
0:0:0:0:0:0:0:1 -  -  [08/Jun/2015:11:43:49 +0000] "GET /doExtract HTTP/1.1" 404 1374  2
0:0:0:0:0:0:0:1 -  -  [08/Jun/2015:11:47:36 +0000] "GET / HTTP/1.1" 200 4377  30
0:0:0:0:0:0:0:1 -  -  [08/Jun/2015:11:47:38 +0000] "GET /doExtract HTTP/1.1" 200 1  68
0:0:0:0:0:0:0:1 -  -  [08/Jun/2015:11:48:02 +0000] "GET /getQuestions HTTP/1.1" 200 1777  76
0:0:0:0:0:0:0:1 -  -  [08/Jun/2015:11:51:44 +0000] "GET / HTTP/1.1" 200 4513  37
0:0:0:0:0:0:0:1 -  -  [08/Jun/2015:11:51:46 +0000] "GET /doExtract HTTP/1.1" 200 1  70
0:0:0:0:0:0:0:1 -  -  [08/Jun/2015:11:53:48 +0000] "GET / HTTP/1.1" 200 4455  31
0:0:0:0:0:0:0:1 -  -  [08/Jun/2015:11:53:50 +0000] "GET /doExtract HTTP/1.1" 200 1  65
0:0:0:0:0:0:0:1 -  -  [08/Jun/2015:11:53:54 +0000] "GET /getQuestions HTTP/1.1" 200 1777  72
0:0:0:0:0:0:0:1 -  -  [08/Jun/2015:11:54:53 +0000] "GET / HTTP/1.1" 304 0  4
0:0:0:0:0:0:0:1 -  -  [08/Jun/2015:11:54:55 +0000] "GET /doExtract HTTP/1.1" 200 1  2
0:0:0:0:0:0:0:1 -  -  [08/Jun/2015:11:55:22 +0000] "GET / HTTP/1.1" 200 4466  30
0:0:0:0:0:0:0:1 -  -  [08/Jun/2015:11:55:24 +0000] "GET /doExtract HTTP/1.1" 200 1  65
0:0:0:0:0:0:0:1 -  -  [08/Jun/2015:11:55:30 +0000] "GET /getQuestions HTTP/1.1" 200 1777  75
0:0:0:0:0:0:0:1 -  -  [08/Jun/2015:11:56:57 +0000] "GET / HTTP/1.1" 304 0  27
0:0:0:0:0:0:0:1 -  -  [08/Jun/2015:11:57:01 +0000] "GET /doExtract HTTP/1.1" 200 1  75
0:0:0:0:0:0:0:1 -  -  [08/Jun/2015:11:57:02 +0000] "GET /getQuestions HTTP/1.1" 200 1777  74
0:0:0:0:0:0:0:1 -  -  [08/Jun/2015:11:57:30 +0000] "GET / HTTP/1.1" 200 4466  34
0:0:0:0:0:0:0:1 -  -  [08/Jun/2015:11:57:34 +0000] "GET /doExtract HTTP/1.1" 200 1  69
0:0:0:0:0:0:0:1 -  -  [08/Jun/2015:11:57:37 +0000] "GET /getQuestions HTTP/1.1" 200 1777  71
0:0:0:0:0:0:0:1 -  -  [08/Jun/2015:12:04:20 +0000] "GET / HTTP/1.1" 200 4496  38
0:0:0:0:0:0:0:1 -  -  [08/Jun/2015:12:04:22 +0000] "GET /doExtract HTTP/1.1" 200 1  69
0:0:0:0:0:0:0:1 -  -  [08/Jun/2015:12:04:24 +0000] "GET /getQuestions HTTP/1.1" 200 1777  73
0:0:0:0:0:0:0:1 -  -  [08/Jun/2015:12:04:25 +0000] "GET /c/jsoneditor/dist/img/jsoneditor-icons.png HTTP/1.1" 200 14438  3
0:0:0:0:0:0:0:1 -  -  [08/Jun/2015:12:11:04 +0000] "GET / HTTP/1.1" 200 4496  30
0:0:0:0:0:0:0:1 -  -  [08/Jun/2015:12:11:16 +0000] "GET /doExtract HTTP/1.1" 200 1  66
0:0:0:0:0:0:0:1 -  -  [08/Jun/2015:12:11:19 +0000] "GET /getQuestions HTTP/1.1" 200 1777  74
0:0:0:0:0:0:0:1 -  -  [08/Jun/2015:12:11:21 +0000] "GET /c/jsoneditor/dist/img/jsoneditor-icons.png HTTP/1.1" 200 14438  2
0:0:0:0:0:0:0:1 -  -  [08/Jun/2015:12:12:07 +0000] "GET / HTTP/1.1" 304 0  3
