0:0:0:0:0:0:0:1 -  -  [06/Jun/2015:07:53:32 +0000] "GET / HTTP/1.1" 503 19837  21
0:0:0:0:0:0:0:1 -  -  [06/Jun/2015:08:08:27 +0000] "GET / HTTP/1.1" 200 3287  38
0:0:0:0:0:0:0:1 -  -  [06/Jun/2015:08:08:27 +0000] "GET /%3Cc:url%20value= HTTP/1.1" 404 1382  4
0:0:0:0:0:0:0:1 -  -  [06/Jun/2015:08:08:45 +0000] "GET / HTTP/1.1" 304 0  6
0:0:0:0:0:0:0:1 -  -  [06/Jun/2015:08:08:45 +0000] "GET /%3Cc:url%20value= HTTP/1.1" 404 1382  3
0:0:0:0:0:0:0:1 -  -  [06/Jun/2015:08:09:34 +0000] "GET /doExtract?url=&rootXpath=&display=Extract HTTP/1.1" 500 6035  110
0:0:0:0:0:0:0:1 -  -  [06/Jun/2015:08:10:27 +0000] "GET / HTTP/1.1" 304 0  29
0:0:0:0:0:0:0:1 -  -  [06/Jun/2015:08:10:27 +0000] "GET /%3Cc:url%20value= HTTP/1.1" 404 1382  3
0:0:0:0:0:0:0:1 -  -  [06/Jun/2015:08:17:45 +0000] "GET / HTTP/1.1" 304 0  36
0:0:0:0:0:0:0:1 -  -  [06/Jun/2015:08:17:45 +0000] "GET /%3Cc:url%20value= HTTP/1.1" 404 1382  4
0:0:0:0:0:0:0:1 -  -  [06/Jun/2015:08:18:57 +0000] "GET / HTTP/1.1" 304 0  4
0:0:0:0:0:0:0:1 -  -  [06/Jun/2015:08:18:57 +0000] "GET /%3Cc:url%20value= HTTP/1.1" 404 1382  2
0:0:0:0:0:0:0:1 -  -  [06/Jun/2015:08:19:52 +0000] "GET / HTTP/1.1" 304 0  4
0:0:0:0:0:0:0:1 -  -  [06/Jun/2015:08:19:52 +0000] "GET /%3Cc:url%20value= HTTP/1.1" 404 1382  1
0:0:0:0:0:0:0:1 -  -  [06/Jun/2015:08:20:27 +0000] "GET / HTTP/1.1" 304 0  4
0:0:0:0:0:0:0:1 -  -  [06/Jun/2015:08:20:27 +0000] "GET /%3Cc:url%20value= HTTP/1.1" 404 1382  2
0:0:0:0:0:0:0:1 -  -  [06/Jun/2015:08:20:33 +0000] "GET / HTTP/1.1" 304 0  3
0:0:0:0:0:0:0:1 -  -  [06/Jun/2015:08:20:33 +0000] "GET /%3Cc:url%20value= HTTP/1.1" 404 1382  2
0:0:0:0:0:0:0:1 -  -  [06/Jun/2015:08:20:39 +0000] "GET /doExtract?url=&rootXpath=&display=Extract HTTP/1.1" 500 6035  88
0:0:0:0:0:0:0:1 -  -  [06/Jun/2015:08:21:32 +0000] "GET /%3Cc:url%20value= HTTP/1.1" 404 1382  16
0:0:0:0:0:0:0:1 -  -  [06/Jun/2015:08:21:34 +0000] "GET /doExtract?url=&rootXpath=&display=Extract HTTP/1.1" 200 58  100
0:0:0:0:0:0:0:1 -  -  [06/Jun/2015:08:34:45 +0000] "GET / HTTP/1.1" 200 3281  32
0:0:0:0:0:0:0:1 -  -  [06/Jun/2015:08:34:46 +0000] "GET /%3Cc:url%20value= HTTP/1.1" 404 1382  4
0:0:0:0:0:0:0:1 -  -  [06/Jun/2015:08:34:56 +0000] "GET / HTTP/1.1" 200 3281  3
0:0:0:0:0:0:0:1 -  -  [06/Jun/2015:08:34:56 +0000] "GET /%3Cc:url%20value= HTTP/1.1" 404 1382  2
0:0:0:0:0:0:0:1 -  -  [06/Jun/2015:08:34:59 +0000] "GET /doExtract?url=&rootXpath=&display=Extract HTTP/1.1" 200 58  78
0:0:0:0:0:0:0:1 -  -  [06/Jun/2015:08:48:03 +0000] "GET / HTTP/1.1" 304 0  4
0:0:0:0:0:0:0:1 -  -  [06/Jun/2015:08:48:03 +0000] "GET /%3Cc:url%20value= HTTP/1.1" 404 1382  2
0:0:0:0:0:0:0:1 -  -  [06/Jun/2015:08:49:21 +0000] "GET / HTTP/1.1" 304 0  3
0:0:0:0:0:0:0:1 -  -  [06/Jun/2015:08:49:21 +0000] "GET /%3Cc:url%20value= HTTP/1.1" 404 1382  2
0:0:0:0:0:0:0:1 -  -  [06/Jun/2015:08:49:44 +0000] "GET / HTTP/1.1" 304 0  32
0:0:0:0:0:0:0:1 -  -  [06/Jun/2015:08:49:44 +0000] "GET /%3Cc:url%20value= HTTP/1.1" 404 1382  8
0:0:0:0:0:0:0:1 -  -  [06/Jun/2015:08:50:30 +0000] "GET / HTTP/1.1" 304 0  4
0:0:0:0:0:0:0:1 -  -  [06/Jun/2015:08:50:30 +0000] "GET /%3Cc:url%20value= HTTP/1.1" 404 1382  3
0:0:0:0:0:0:0:1 -  -  [06/Jun/2015:08:51:05 +0000] "GET / HTTP/1.1" 304 0  3
0:0:0:0:0:0:0:1 -  -  [06/Jun/2015:08:51:05 +0000] "GET /%3Cc:url%20value= HTTP/1.1" 404 1382  2
0:0:0:0:0:0:0:1 -  -  [06/Jun/2015:08:51:33 +0000] "GET /%3Cc:url%20value= HTTP/1.1" 404 1382  22
0:0:0:0:0:0:0:1 -  -  [06/Jun/2015:08:52:08 +0000] "GET / HTTP/1.1" 304 0  19
0:0:0:0:0:0:0:1 -  -  [06/Jun/2015:08:52:08 +0000] "GET /%3Cc:url%20value= HTTP/1.1" 404 1382  3
0:0:0:0:0:0:0:1 -  -  [06/Jun/2015:08:52:42 +0000] "GET /%3Cc:url%20value= HTTP/1.1" 404 1382  23
0:0:0:0:0:0:0:1 -  -  [06/Jun/2015:08:52:53 +0000] "GET /%3Cc:url%20value= HTTP/1.1" 404 1382  1
0:0:0:0:0:0:0:1 -  -  [06/Jun/2015:08:55:37 +0000] "GET / HTTP/1.1" 304 0  31
0:0:0:0:0:0:0:1 -  -  [06/Jun/2015:08:55:37 +0000] "GET /%3Cc:url%20value= HTTP/1.1" 404 1382  6
0:0:0:0:0:0:0:1 -  -  [06/Jun/2015:08:56:30 +0000] "GET / HTTP/1.1" 304 0  4
0:0:0:0:0:0:0:1 -  -  [06/Jun/2015:08:56:30 +0000] "GET /%3Cc:url%20value= HTTP/1.1" 404 1382  1
0:0:0:0:0:0:0:1 -  -  [06/Jun/2015:09:00:29 +0000] "GET / HTTP/1.1" 200 2561  32
0:0:0:0:0:0:0:1 -  -  [06/Jun/2015:09:01:01 +0000] "GET / HTTP/1.1" 304 0  7
0:0:0:0:0:0:0:1 -  -  [06/Jun/2015:09:01:03 +0000] "GET /doExtract?url=&rootXpath=&display=Extract HTTP/1.1" 200 58  92
0:0:0:0:0:0:0:1 -  -  [06/Jun/2015:09:04:17 +0000] "GET / HTTP/1.1" 200 3308  31
0:0:0:0:0:0:0:1 -  -  [06/Jun/2015:09:04:18 +0000] "GET /css/jsoneditor/dist/jsoneditor.min.css HTTP/1.1" 404 1403  8
0:0:0:0:0:0:0:1 -  -  [06/Jun/2015:09:04:18 +0000] "GET /scripts/jsoneditor/dist/jsoneditor.min.js HTTP/1.1" 404 1406  2
0:0:0:0:0:0:0:1 -  -  [06/Jun/2015:09:05:00 +0000] "GET / HTTP/1.1" 200 3308  3
0:0:0:0:0:0:0:1 -  -  [06/Jun/2015:09:05:00 +0000] "GET /scripts/jsoneditor/dist/jsoneditor.min.js HTTP/1.1" 404 1406  1
0:0:0:0:0:0:0:1 -  -  [06/Jun/2015:09:05:00 +0000] "GET /css/jsoneditor/dist/jsoneditor.min.css HTTP/1.1" 404 1403  1
0:0:0:0:0:0:0:1 -  -  [06/Jun/2015:09:05:04 +0000] "GET /doExtract?url=&rootXpath=&display=Extract HTTP/1.1" 200 58  89
0:0:0:0:0:0:0:1 -  -  [06/Jun/2015:09:05:51 +0000] "GET / HTTP/1.1" 304 0  3
0:0:0:0:0:0:0:1 -  -  [06/Jun/2015:09:05:51 +0000] "GET /css/jsoneditor/dist/jsoneditor.min.css HTTP/1.1" 404 1403  1
0:0:0:0:0:0:0:1 -  -  [06/Jun/2015:09:05:51 +0000] "GET /scripts/jsoneditor/dist/jsoneditor.min.js HTTP/1.1" 404 1406  1
0:0:0:0:0:0:0:1 -  -  [06/Jun/2015:09:06:09 +0000] "GET / HTTP/1.1" 200 3308  5
0:0:0:0:0:0:0:1 -  -  [06/Jun/2015:09:06:09 +0000] "GET /css/jsoneditor/dist/jsoneditor.min.css HTTP/1.1" 404 1403  1
0:0:0:0:0:0:0:1 -  -  [06/Jun/2015:09:06:09 +0000] "GET /scripts/jsoneditor/dist/jsoneditor.min.js HTTP/1.1" 404 1406  1
0:0:0:0:0:0:0:1 -  -  [06/Jun/2015:09:06:12 +0000] "GET /doExtract?url=&rootXpath=&display=Extract HTTP/1.1" 200 58  4
0:0:0:0:0:0:0:1 -  -  [06/Jun/2015:09:07:50 +0000] "GET / HTTP/1.1" 200 3294  35
0:0:0:0:0:0:0:1 -  -  [06/Jun/2015:09:07:50 +0000] "GET /WEB-INF/css/jsoneditor/dist/jsoneditor.min.css HTTP/1.1" 404 1411  3
0:0:0:0:0:0:0:1 -  -  [06/Jun/2015:09:07:50 +0000] "GET /WEB-INF/scripts/jsoneditor/dist/jsoneditor.min.js HTTP/1.1" 404 1414  3
0:0:0:0:0:0:0:1 -  -  [06/Jun/2015:09:07:52 +0000] "GET /?url=&rootXpath=&display=Extract HTTP/1.1" 200 3294  6
0:0:0:0:0:0:0:1 -  -  [06/Jun/2015:09:07:52 +0000] "GET /WEB-INF/scripts/jsoneditor/dist/jsoneditor.min.js HTTP/1.1" 404 1414  0
0:0:0:0:0:0:0:1 -  -  [06/Jun/2015:09:07:52 +0000] "GET /WEB-INF/css/jsoneditor/dist/jsoneditor.min.css HTTP/1.1" 404 1411  1
0:0:0:0:0:0:0:1 -  -  [06/Jun/2015:09:08:02 +0000] "GET /?url=&rootXpath=&display=Extract HTTP/1.1" 304 0  4
0:0:0:0:0:0:0:1 -  -  [06/Jun/2015:09:08:02 +0000] "GET /WEB-INF/css/jsoneditor/dist/jsoneditor.min.css HTTP/1.1" 404 1411  0
0:0:0:0:0:0:0:1 -  -  [06/Jun/2015:09:08:02 +0000] "GET /WEB-INF/scripts/jsoneditor/dist/jsoneditor.min.js HTTP/1.1" 404 1414  1
0:0:0:0:0:0:0:1 -  -  [06/Jun/2015:09:08:11 +0000] "GET /WEB-INF/css/jsoneditor/dist/jsoneditor.min.css HTTP/1.1" 404 1411  0
0:0:0:0:0:0:0:1 -  -  [06/Jun/2015:09:08:23 +0000] "GET /?url=&rootXpath=&display=Extract HTTP/1.1" 304 0  2
0:0:0:0:0:0:0:1 -  -  [06/Jun/2015:09:08:23 +0000] "GET /WEB-INF/scripts/jsoneditor/dist/jsoneditor.min.js HTTP/1.1" 404 1414  1
0:0:0:0:0:0:0:1 -  -  [06/Jun/2015:09:08:23 +0000] "GET /WEB-INF/css/jsoneditor/dist/jsoneditor.min.css HTTP/1.1" 404 1411  1
0:0:0:0:0:0:0:1 -  -  [06/Jun/2015:09:12:11 +0000] "GET /WEB-INF/css/jsoneditor/dist/jsoneditor.min.css HTTP/1.1" 404 1411  1
0:0:0:0:0:0:0:1 -  -  [06/Jun/2015:09:12:19 +0000] "GET /webapp/WEB-INF/css/jsoneditor/dist/jsoneditor.min.css HTTP/1.1" 404 1418  2
0:0:0:0:0:0:0:1 -  -  [06/Jun/2015:09:12:36 +0000] "GET /css/jsoneditor/dist/jsoneditor.min.css HTTP/1.1" 404 1403  2
0:0:0:0:0:0:0:1 -  -  [06/Jun/2015:09:25:32 +0000] "GET /WEB-INF/css/jsoneditor/dist/jsoneditor.min.css HTTP/1.1" 404 1411  8
0:0:0:0:0:0:0:1 -  -  [06/Jun/2015:09:25:39 +0000] "GET /css/jsoneditor/dist/jsoneditor.min.css HTTP/1.1" 404 1403  9
0:0:0:0:0:0:0:1 -  -  [06/Jun/2015:09:25:46 +0000] "GET /jsoneditor/dist/jsoneditor.min.css HTTP/1.1" 404 1399  2
0:0:0:0:0:0:0:1 -  -  [06/Jun/2015:09:25:55 +0000] "GET /dist/jsoneditor.min.css HTTP/1.1" 404 1388  2
0:0:0:0:0:0:0:1 -  -  [06/Jun/2015:09:26:04 +0000] "GET /jsoneditor.min.css HTTP/1.1" 404 1383  1
0:0:0:0:0:0:0:1 -  -  [06/Jun/2015:09:28:22 +0000] "GET / HTTP/1.1" 304 0  31
0:0:0:0:0:0:0:1 -  -  [06/Jun/2015:09:28:22 +0000] "GET /WEB-INF/scripts/jsoneditor/dist/jsoneditor.min.js HTTP/1.1" 404 1414  4
0:0:0:0:0:0:0:1 -  -  [06/Jun/2015:09:28:22 +0000] "GET /WEB-INF/css/jsoneditor/dist/jsoneditor.min.css HTTP/1.1" 404 1411  4
0:0:0:0:0:0:0:1 -  -  [06/Jun/2015:09:28:24 +0000] "GET /?url=&rootXpath=&display=Extract HTTP/1.1" 304 0  5
0:0:0:0:0:0:0:1 -  -  [06/Jun/2015:09:28:24 +0000] "GET /WEB-INF/scripts/jsoneditor/dist/jsoneditor.min.js HTTP/1.1" 404 1414  1
0:0:0:0:0:0:0:1 -  -  [06/Jun/2015:09:28:24 +0000] "GET /WEB-INF/css/jsoneditor/dist/jsoneditor.min.css HTTP/1.1" 404 1411  1
0:0:0:0:0:0:0:1 -  -  [06/Jun/2015:09:28:33 +0000] "GET /WEB-INF/css/jsoneditor/dist/jsoneditor.min.css HTTP/1.1" 404 1411  1
0:0:0:0:0:0:0:1 -  -  [06/Jun/2015:09:28:49 +0000] "GET /WEB-INF/css/jsoneditor/dist/jsoneditor.min.css HTTP/1.1" 404 1411  0
0:0:0:0:0:0:0:1 -  -  [06/Jun/2015:09:28:49 +0000] "GET /WEB-INF/scripts/jsoneditor/dist/jsoneditor.min.js HTTP/1.1" 404 1414  0
0:0:0:0:0:0:0:1 -  -  [06/Jun/2015:11:50:39 +0000] "GET / HTTP/1.1" 200 1327  34
0:0:0:0:0:0:0:1 -  -  [06/Jun/2015:11:50:39 +0000] "GET /dist/jsoneditor.js HTTP/1.1" 404 1383  2
0:0:0:0:0:0:0:1 -  -  [06/Jun/2015:11:50:39 +0000] "GET /dist/jsoneditor.css HTTP/1.1" 404 1384  3
0:0:0:0:0:0:0:1 -  -  [06/Jun/2015:11:51:23 +0000] "GET / HTTP/1.1" 304 0  3
0:0:0:0:0:0:0:1 -  -  [06/Jun/2015:11:51:23 +0000] "GET /dist/jsoneditor.css HTTP/1.1" 404 1384  2
0:0:0:0:0:0:0:1 -  -  [06/Jun/2015:11:51:23 +0000] "GET /dist/jsoneditor.js HTTP/1.1" 404 1383  3
0:0:0:0:0:0:0:1 -  -  [06/Jun/2015:11:51:53 +0000] "GET / HTTP/1.1" 304 0  3
0:0:0:0:0:0:0:1 -  -  [06/Jun/2015:11:51:53 +0000] "GET /dist/jsoneditor.css HTTP/1.1" 404 1384  2
0:0:0:0:0:0:0:1 -  -  [06/Jun/2015:11:51:53 +0000] "GET /dist/jsoneditor.js HTTP/1.1" 404 1383  2
0:0:0:0:0:0:0:1 -  -  [06/Jun/2015:11:52:38 +0000] "GET / HTTP/1.1" 200 1327  31
0:0:0:0:0:0:0:1 -  -  [06/Jun/2015:11:52:38 +0000] "GET /dist/jsoneditor.css HTTP/1.1" 404 1384  3
0:0:0:0:0:0:0:1 -  -  [06/Jun/2015:11:52:38 +0000] "GET /dist/jsoneditor.js HTTP/1.1" 404 1383  3
0:0:0:0:0:0:0:1 -  -  [06/Jun/2015:11:52:47 +0000] "GET /dist/jsoneditor.css HTTP/1.1" 404 1384  1
0:0:0:0:0:0:0:1 -  -  [06/Jun/2015:11:55:24 +0000] "GET / HTTP/1.1" 200 1327  35
0:0:0:0:0:0:0:1 -  -  [06/Jun/2015:11:55:24 +0000] "GET /dist/jsoneditor.css HTTP/1.1" 404 1384  3
0:0:0:0:0:0:0:1 -  -  [06/Jun/2015:11:55:24 +0000] "GET /dist/jsoneditor.js HTTP/1.1" 404 1383  3
0:0:0:0:0:0:0:1 -  -  [06/Jun/2015:11:55:30 +0000] "GET /dist/jsoneditor.css HTTP/1.1" 404 1384  1
0:0:0:0:0:0:0:1 -  -  [06/Jun/2015:12:00:37 +0000] "GET / HTTP/1.1" 200 1327  31
0:0:0:0:0:0:0:1 -  -  [06/Jun/2015:12:00:37 +0000] "GET /dist/jsoneditor.css HTTP/1.1" 404 1384  3
0:0:0:0:0:0:0:1 -  -  [06/Jun/2015:12:00:37 +0000] "GET /dist/jsoneditor.js HTTP/1.1" 404 1383  3
0:0:0:0:0:0:0:1 -  -  [06/Jun/2015:12:01:04 +0000] "GET / HTTP/1.1" 200 1327  6
0:0:0:0:0:0:0:1 -  -  [06/Jun/2015:12:01:04 +0000] "GET /dist/jsoneditor.css HTTP/1.1" 404 1384  2
0:0:0:0:0:0:0:1 -  -  [06/Jun/2015:12:01:04 +0000] "GET /dist/jsoneditor.js HTTP/1.1" 404 1383  2
0:0:0:0:0:0:0:1 -  -  [06/Jun/2015:12:01:08 +0000] "GET /dist/jsoneditor.css HTTP/1.1" 404 1384  2
0:0:0:0:0:0:0:1 -  -  [06/Jun/2015:12:13:31 +0000] "GET / HTTP/1.1" 304 0  31
0:0:0:0:0:0:0:1 -  -  [06/Jun/2015:12:13:31 +0000] "GET /dist/jsoneditor.js HTTP/1.1" 404 1383  4
0:0:0:0:0:0:0:1 -  -  [06/Jun/2015:12:13:31 +0000] "GET /dist/jsoneditor.css HTTP/1.1" 404 1384  4
0:0:0:0:0:0:0:1 -  -  [06/Jun/2015:12:13:35 +0000] "GET /dist/jsoneditor.css HTTP/1.1" 404 1384  1
0:0:0:0:0:0:0:1 -  -  [06/Jun/2015:12:14:08 +0000] "GET / HTTP/1.1" 304 0  4
0:0:0:0:0:0:0:1 -  -  [06/Jun/2015:12:14:08 +0000] "GET /dist/jsoneditor.css HTTP/1.1" 404 1384  1
0:0:0:0:0:0:0:1 -  -  [06/Jun/2015:12:14:08 +0000] "GET /dist/jsoneditor.js HTTP/1.1" 404 1383  1
0:0:0:0:0:0:0:1 -  -  [06/Jun/2015:12:14:30 +0000] "GET / HTTP/1.1" 304 0  3
0:0:0:0:0:0:0:1 -  -  [06/Jun/2015:12:14:30 +0000] "GET /dist/jsoneditor.css HTTP/1.1" 404 1384  2
0:0:0:0:0:0:0:1 -  -  [06/Jun/2015:12:14:30 +0000] "GET /dist/jsoneditor.js HTTP/1.1" 404 1383  2
0:0:0:0:0:0:0:1 -  -  [06/Jun/2015:12:16:05 +0000] "GET /dist/jsoneditor.js HTTP/1.1" 404 1383  18
0:0:0:0:0:0:0:1 -  -  [06/Jun/2015:12:16:05 +0000] "GET /dist/jsoneditor.css HTTP/1.1" 404 1384  18
0:0:0:0:0:0:0:1 -  -  [06/Jun/2015:12:16:09 +0000] "GET /dist/jsoneditor.css HTTP/1.1" 404 1384  2
0:0:0:0:0:0:0:1 -  -  [07/Jun/2015:02:30:07 +0000] "GET / HTTP/1.1" 200 1357  99
0:0:0:0:0:0:0:1 -  -  [07/Jun/2015:02:30:07 +0000] "GET /c/jsoneditor/dist/jsoneditor.min.css HTTP/1.1" 200 10494  6
0:0:0:0:0:0:0:1 -  -  [07/Jun/2015:02:30:07 +0000] "GET /s/jsoneditor/dist/jsoneditor.min.js HTTP/1.1" 200 475172  30
0:0:0:0:0:0:0:1 -  -  [07/Jun/2015:02:30:07 +0000] "GET /c/jsoneditor/dist/img/jsoneditor-icons.png HTTP/1.1" 200 14438  4
0:0:0:0:0:0:0:1 -  -  [07/Jun/2015:02:30:07 +0000] "GET /s/jsoneditor/dist/jsoneditor.map HTTP/1.1" 200 491988  143
0:0:0:0:0:0:0:1 -  -  [07/Jun/2015:02:31:16 +0000] "GET / HTTP/1.1" 304 0  3
