0:0:0:0:0:0:0:1 -  -  [07/Jun/2015:02:32:17 +0000] "GET / HTTP/1.1" 200 1357  36
0:0:0:0:0:0:0:1 -  -  [07/Jun/2015:02:32:17 +0000] "GET /c/jsoneditor/dist/jsoneditor.min.css HTTP/1.1" 200 10494  3
0:0:0:0:0:0:0:1 -  -  [07/Jun/2015:02:32:17 +0000] "GET /s/jsoneditor/dist/jsoneditor.min.js HTTP/1.1" 200 475172  20
0:0:0:0:0:0:0:1 -  -  [07/Jun/2015:02:32:18 +0000] "GET /c/jsoneditor/dist/img/jsoneditor-icons.png HTTP/1.1" 200 14438  3
0:0:0:0:0:0:0:1 -  -  [07/Jun/2015:02:32:32 +0000] "GET / HTTP/1.1" 200 1357  3
0:0:0:0:0:0:0:1 -  -  [07/Jun/2015:02:32:32 +0000] "GET /c/jsoneditor/dist/jsoneditor.min.css HTTP/1.1" 200 10494  2
0:0:0:0:0:0:0:1 -  -  [07/Jun/2015:02:32:32 +0000] "GET /s/jsoneditor/dist/jsoneditor.min.js HTTP/1.1" 200 475172  17
0:0:0:0:0:0:0:1 -  -  [07/Jun/2015:02:32:32 +0000] "GET /c/jsoneditor/dist/img/jsoneditor-icons.png HTTP/1.1" 200 14438  2
0:0:0:0:0:0:0:1 -  -  [07/Jun/2015:02:38:08 +0000] "GET / HTTP/1.1" 200 1357  4
0:0:0:0:0:0:0:1 -  -  [07/Jun/2015:02:38:09 +0000] "GET /c/jsoneditor/dist/jsoneditor.min.css HTTP/1.1" 200 10494  3
0:0:0:0:0:0:0:1 -  -  [07/Jun/2015:02:38:09 +0000] "GET /s/jsoneditor/dist/jsoneditor.min.js HTTP/1.1" 200 475172  14
0:0:0:0:0:0:0:1 -  -  [07/Jun/2015:02:38:09 +0000] "GET /c/jsoneditor/dist/img/jsoneditor-icons.png HTTP/1.1" 200 14438  3
0:0:0:0:0:0:0:1 -  -  [07/Jun/2015:02:38:58 +0000] "GET / HTTP/1.1" 200 3261  29
0:0:0:0:0:0:0:1 -  -  [07/Jun/2015:02:38:58 +0000] "GET /c/dist/jsoneditor.min.css HTTP/1.1" 404 1390  3
0:0:0:0:0:0:0:1 -  -  [07/Jun/2015:02:38:58 +0000] "GET /s/jsoneditor/dist/jsoneditor.min.js HTTP/1.1" 200 475172  31
0:0:0:0:0:0:0:1 -  -  [07/Jun/2015:02:38:58 +0000] "GET /favicon.ico HTTP/1.1" 404 1376  4
0:0:0:0:0:0:0:1 -  -  [07/Jun/2015:02:39:01 +0000] "GET /?url=&rootXpath=&display=Extract HTTP/1.1" 200 3261  8
0:0:0:0:0:0:0:1 -  -  [07/Jun/2015:02:39:02 +0000] "GET /c/dist/jsoneditor.min.css HTTP/1.1" 404 1390  2
0:0:0:0:0:0:0:1 -  -  [07/Jun/2015:02:39:05 +0000] "GET /c/dist/jsoneditor.min.css HTTP/1.1" 404 1390  2
0:0:0:0:0:0:0:1 -  -  [07/Jun/2015:02:39:05 +0000] "GET /s/jsoneditor/dist/jsoneditor.map HTTP/1.1" 200 491988  27
0:0:0:0:0:0:0:1 -  -  [07/Jun/2015:02:40:06 +0000] "GET / HTTP/1.1" 304 0  5
0:0:0:0:0:0:0:1 -  -  [07/Jun/2015:02:40:06 +0000] "GET /c/dist/jsoneditor.min.css HTTP/1.1" 404 1390  1
0:0:0:0:0:0:0:1 -  -  [07/Jun/2015:02:40:14 +0000] "GET /?url=&rootXpath=&display=Extract HTTP/1.1" 304 0  3
0:0:0:0:0:0:0:1 -  -  [07/Jun/2015:02:40:14 +0000] "GET /c/dist/jsoneditor.min.css HTTP/1.1" 404 1390  3
0:0:0:0:0:0:0:1 -  -  [07/Jun/2015:02:41:10 +0000] "GET / HTTP/1.1" 200 3238  29
0:0:0:0:0:0:0:1 -  -  [07/Jun/2015:02:41:10 +0000] "GET /dist/jsoneditor.js HTTP/1.1" 404 1383  4
0:0:0:0:0:0:0:1 -  -  [07/Jun/2015:02:41:10 +0000] "GET /dist/jsoneditor.css HTTP/1.1" 404 1384  6
0:0:0:0:0:0:0:1 -  -  [07/Jun/2015:02:41:10 +0000] "GET /favicon.ico HTTP/1.1" 404 1376  2
0:0:0:0:0:0:0:1 -  -  [07/Jun/2015:02:41:12 +0000] "GET /?url=&rootXpath=&display=Extract HTTP/1.1" 200 3238  8
0:0:0:0:0:0:0:1 -  -  [07/Jun/2015:02:41:12 +0000] "GET /dist/jsoneditor.css HTTP/1.1" 404 1384  1
0:0:0:0:0:0:0:1 -  -  [07/Jun/2015:02:41:12 +0000] "GET /dist/jsoneditor.js HTTP/1.1" 404 1383  2
0:0:0:0:0:0:0:1 -  -  [07/Jun/2015:02:41:16 +0000] "GET /dist/jsoneditor.css HTTP/1.1" 404 1384  2
0:0:0:0:0:0:0:1 -  -  [07/Jun/2015:02:43:39 +0000] "GET /WEB-INF/dist/jsoneditor.js HTTP/1.1" 404 1391  1
0:0:0:0:0:0:0:1 -  -  [07/Jun/2015:02:43:57 +0000] "GET /c/dist/jsoneditor.js HTTP/1.1" 404 1385  3
0:0:0:0:0:0:0:1 -  -  [07/Jun/2015:02:44:06 +0000] "GET /s/dist/jsoneditor.js HTTP/1.1" 404 1385  2
0:0:0:0:0:0:0:1 -  -  [07/Jun/2015:02:44:47 +0000] "GET /s/jsoneditor/dist/jsoneditor.js HTTP/1.1" 200 919196  36
0:0:0:0:0:0:0:1 -  -  [07/Jun/2015:02:45:58 +0000] "GET /?url=&rootXpath=&display=Extract HTTP/1.1" 200 3264  33
0:0:0:0:0:0:0:1 -  -  [07/Jun/2015:02:45:58 +0000] "GET /c/jsoneditor/dist/jsoneditor.css HTTP/1.1" 200 12807  4
0:0:0:0:0:0:0:1 -  -  [07/Jun/2015:02:45:58 +0000] "GET /s/jsoneditor/dist/jsoneditor.js HTTP/1.1" 200 919196  35
0:0:0:0:0:0:0:1 -  -  [07/Jun/2015:02:45:59 +0000] "GET /favicon.ico HTTP/1.1" 404 1376  4
0:0:0:0:0:0:0:1 -  -  [07/Jun/2015:02:46:03 +0000] "GET /?url=&rootXpath=&display=Extract HTTP/1.1" 304 0  8
0:0:0:0:0:0:0:1 -  -  [07/Jun/2015:02:46:03 +0000] "GET /c/jsoneditor/dist/jsoneditor.css HTTP/1.1" 304 0  2
0:0:0:0:0:0:0:1 -  -  [07/Jun/2015:02:47:30 +0000] "GET / HTTP/1.1" 200 3264  32
0:0:0:0:0:0:0:1 -  -  [07/Jun/2015:02:47:30 +0000] "GET /c/jsoneditor/dist/jsoneditor.css HTTP/1.1" 304 0  6
0:0:0:0:0:0:0:1 -  -  [07/Jun/2015:02:47:32 +0000] "GET /?url=&rootXpath=&display=Extract HTTP/1.1" 304 0  9
0:0:0:0:0:0:0:1 -  -  [07/Jun/2015:02:48:21 +0000] "GET / HTTP/1.1" 200 3266  38
0:0:0:0:0:0:0:1 -  -  [07/Jun/2015:02:48:21 +0000] "GET /c/jsoneditor/dist/jsoneditor.css HTTP/1.1" 304 0  2
0:0:0:0:0:0:0:1 -  -  [07/Jun/2015:02:48:24 +0000] "GET /?url=&rootXpath=&display=Extract HTTP/1.1" 200 3266  9
0:0:0:0:0:0:0:1 -  -  [07/Jun/2015:02:48:24 +0000] "GET /getQuestions HTTP/1.1" 404 2254  203
0:0:0:0:0:0:0:1 -  -  [07/Jun/2015:02:53:16 +0000] "GET /?url=&rootXpath=&display=Extract HTTP/1.1" 304 0  3
0:0:0:0:0:0:0:1 -  -  [07/Jun/2015:02:53:17 +0000] "GET /c/jsoneditor/dist/jsoneditor.css HTTP/1.1" 304 0  3
0:0:0:0:0:0:0:1 -  -  [07/Jun/2015:02:55:11 +0000] "GET / HTTP/1.1" 304 0  29
0:0:0:0:0:0:0:1 -  -  [07/Jun/2015:02:55:11 +0000] "GET /c/jsoneditor/dist/jsoneditor.css HTTP/1.1" 304 0  4
0:0:0:0:0:0:0:1 -  -  [07/Jun/2015:02:55:13 +0000] "GET /?url=&rootXpath=&display=Extract HTTP/1.1" 304 0  6
0:0:0:0:0:0:0:1 -  -  [07/Jun/2015:02:55:13 +0000] "GET /getQuestions HTTP/1.1" 404 2254  169
0:0:0:0:0:0:0:1 -  -  [07/Jun/2015:02:56:51 +0000] "GET / HTTP/1.1" 200 3344  41
0:0:0:0:0:0:0:1 -  -  [07/Jun/2015:02:56:51 +0000] "GET / HTTP/1.1" 200 3344  4
0:0:0:0:0:0:0:1 -  -  [07/Jun/2015:02:56:52 +0000] "GET /c/jsoneditor/dist/jsoneditor.css HTTP/1.1" 304 0  3
0:0:0:0:0:0:0:1 -  -  [07/Jun/2015:02:56:58 +0000] "GET /?url=&rootXpath=&display=Extract HTTP/1.1" 200 3344  7
0:0:0:0:0:0:0:1 -  -  [07/Jun/2015:02:56:58 +0000] "GET /getQuestions HTTP/1.1" 404 1370  172
0:0:0:0:0:0:0:1 -  -  [07/Jun/2015:02:58:15 +0000] "GET / HTTP/1.1" 304 0  31
0:0:0:0:0:0:0:1 -  -  [07/Jun/2015:02:58:15 +0000] "GET /c/jsoneditor/dist/jsoneditor.css HTTP/1.1" 304 0  3
0:0:0:0:0:0:0:1 -  -  [07/Jun/2015:02:58:16 +0000] "GET /c/jsoneditor/dist/jsoneditor.css HTTP/1.1" 304 0  3
0:0:0:0:0:0:0:1 -  -  [07/Jun/2015:02:58:20 +0000] "GET /?url=&rootXpath=&display=Extract HTTP/1.1" 304 0  6
0:0:0:0:0:0:0:1 -  -  [07/Jun/2015:02:58:20 +0000] "GET /getQuestions HTTP/1.1" 404 1370  188
0:0:0:0:0:0:0:1 -  -  [07/Jun/2015:02:59:34 +0000] "GET / HTTP/1.1" 200 3365  42
0:0:0:0:0:0:0:1 -  -  [07/Jun/2015:02:59:34 +0000] "GET /c/jsoneditor/dist/jsoneditor.css HTTP/1.1" 304 0  2
0:0:0:0:0:0:0:1 -  -  [07/Jun/2015:02:59:36 +0000] "GET /?url=&rootXpath=&display=Extract HTTP/1.1" 200 3365  7
0:0:0:0:0:0:0:1 -  -  [07/Jun/2015:02:59:36 +0000] "GET /getQuestions HTTP/1.1" 200 5  194
0:0:0:0:0:0:0:1 -  -  [07/Jun/2015:03:00:08 +0000] "GET / HTTP/1.1" 304 0  30
0:0:0:0:0:0:0:1 -  -  [07/Jun/2015:03:00:20 +0000] "GET /?url=&rootXpath=&display=Extract HTTP/1.1" 304 0  6
0:0:0:0:0:0:0:1 -  -  [07/Jun/2015:03:00:20 +0000] "GET /getQuestions HTTP/1.1" 200 5  207
0:0:0:0:0:0:0:1 -  -  [07/Jun/2015:03:00:59 +0000] "GET / HTTP/1.1" 200 3369  29
0:0:0:0:0:0:0:1 -  -  [07/Jun/2015:03:00:59 +0000] "GET /c/jsoneditor/dist/jsoneditor.css HTTP/1.1" 200 12807  3
0:0:0:0:0:0:0:1 -  -  [07/Jun/2015:03:00:59 +0000] "GET /s/jsoneditor/dist/jsoneditor.js HTTP/1.1" 200 919196  40
0:0:0:0:0:0:0:1 -  -  [07/Jun/2015:03:01:00 +0000] "GET /favicon.ico HTTP/1.1" 404 1376  2
0:0:0:0:0:0:0:1 -  -  [07/Jun/2015:03:01:01 +0000] "GET /?url=&rootXpath=&display=Extract HTTP/1.1" 200 3369  7
0:0:0:0:0:0:0:1 -  -  [07/Jun/2015:03:01:01 +0000] "GET /getQuestions HTTP/1.1" 200 5  170
0:0:0:0:0:0:0:1 -  -  [07/Jun/2015:03:01:13 +0000] "GET /?url=&rootXpath=&display=Extract HTTP/1.1" 304 0  6
0:0:0:0:0:0:0:1 -  -  [07/Jun/2015:03:01:13 +0000] "GET /getQuestions HTTP/1.1" 200 5  16
0:0:0:0:0:0:0:1 -  -  [07/Jun/2015:03:02:47 +0000] "GET / HTTP/1.1" 200 3369  32
0:0:0:0:0:0:0:1 -  -  [07/Jun/2015:03:02:47 +0000] "GET /c/jsoneditor/dist/jsoneditor.css HTTP/1.1" 200 12807  3
0:0:0:0:0:0:0:1 -  -  [07/Jun/2015:03:02:47 +0000] "GET /s/jsoneditor/dist/jsoneditor.js HTTP/1.1" 200 919196  25
0:0:0:0:0:0:0:1 -  -  [07/Jun/2015:03:02:47 +0000] "GET /favicon.ico HTTP/1.1" 404 1376  3
0:0:0:0:0:0:0:1 -  -  [07/Jun/2015:03:02:49 +0000] "GET /?url=&rootXpath=&display=Extract HTTP/1.1" 200 3369  8
0:0:0:0:0:0:0:1 -  -  [07/Jun/2015:03:02:49 +0000] "GET /getQuestions HTTP/1.1" 200 5  165
0:0:0:0:0:0:0:1 -  -  [07/Jun/2015:03:02:57 +0000] "GET /?url=&rootXpath=&display=Extract HTTP/1.1" 304 0  7
0:0:0:0:0:0:0:1 -  -  [07/Jun/2015:03:02:56 +0000] "GET /getQuestions HTTP/1.1" 200 5  20
0:0:0:0:0:0:0:1 -  -  [07/Jun/2015:03:05:30 +0000] "GET / HTTP/1.1" 200 3441  31
0:0:0:0:0:0:0:1 -  -  [07/Jun/2015:03:05:30 +0000] "GET /c/jsoneditor/dist/jsoneditor.css HTTP/1.1" 200 12807  3
0:0:0:0:0:0:0:1 -  -  [07/Jun/2015:03:05:30 +0000] "GET /s/jsoneditor/dist/jsoneditor.js HTTP/1.1" 200 919196  25
0:0:0:0:0:0:0:1 -  -  [07/Jun/2015:03:05:30 +0000] "GET /favicon.ico HTTP/1.1" 404 1376  3
0:0:0:0:0:0:0:1 -  -  [07/Jun/2015:03:05:32 +0000] "GET /?url=&rootXpath=&display=Extract HTTP/1.1" 200 3441  7
0:0:0:0:0:0:0:1 -  -  [07/Jun/2015:03:12:06 +0000] "GET / HTTP/1.1" 200 3398  31
0:0:0:0:0:0:0:1 -  -  [07/Jun/2015:03:12:06 +0000] "GET /c/jsoneditor/dist/jsoneditor.css HTTP/1.1" 200 12807  7
0:0:0:0:0:0:0:1 -  -  [07/Jun/2015:03:12:06 +0000] "GET /s/jsoneditor/dist/jsoneditor.js HTTP/1.1" 200 919196  38
0:0:0:0:0:0:0:1 -  -  [07/Jun/2015:03:12:06 +0000] "GET /favicon.ico HTTP/1.1" 404 1376  3
0:0:0:0:0:0:0:1 -  -  [07/Jun/2015:03:12:08 +0000] "GET /?url=&rootXpath=&display=Extract HTTP/1.1" 200 3398  8
0:0:0:0:0:0:0:1 -  -  [07/Jun/2015:03:12:08 +0000] "GET /getQuestions HTTP/1.1" 200 5  167
0:0:0:0:0:0:0:1 -  -  [07/Jun/2015:03:12:16 +0000] "GET /getQuestions HTTP/1.1" 200 5  15
0:0:0:0:0:0:0:1 -  -  [07/Jun/2015:03:12:16 +0000] "GET /?url=&rootXpath=&display=Extract HTTP/1.1" 304 0  6
0:0:0:0:0:0:0:1 -  -  [07/Jun/2015:03:12:25 +0000] "GET /?url=&rootXpath=&display=Extract HTTP/1.1" 304 0  5
0:0:0:0:0:0:0:1 -  -  [07/Jun/2015:03:12:25 +0000] "GET /getQuestions HTTP/1.1" 200 5  25
0:0:0:0:0:0:0:1 -  -  [07/Jun/2015:03:12:28 +0000] "GET /getQuestions HTTP/1.1" 200 5  15
0:0:0:0:0:0:0:1 -  -  [07/Jun/2015:03:12:30 +0000] "GET /?url=&rootXpath=&display=Extract HTTP/1.1" 304 0  3
0:0:0:0:0:0:0:1 -  -  [07/Jun/2015:03:12:30 +0000] "GET /getQuestions HTTP/1.1" 200 5  10
0:0:0:0:0:0:0:1 -  -  [07/Jun/2015:03:13:33 +0000] "GET / HTTP/1.1" 304 0  28
0:0:0:0:0:0:0:1 -  -  [07/Jun/2015:03:13:35 +0000] "GET /?url=&rootXpath=&display=Extract HTTP/1.1" 304 0  5
0:0:0:0:0:0:0:1 -  -  [07/Jun/2015:03:13:35 +0000] "GET /getQuestions HTTP/1.1" 200 5  176
0:0:0:0:0:0:0:1 -  -  [07/Jun/2015:03:13:42 +0000] "GET /getQuestions HTTP/1.1" 200 5  21
0:0:0:0:0:0:0:1 -  -  [07/Jun/2015:03:13:52 +0000] "GET /?url=&rootXpath=&display=Extract HTTP/1.1" 304 0  4
0:0:0:0:0:0:0:1 -  -  [07/Jun/2015:03:13:52 +0000] "GET /getQuestions HTTP/1.1" 200 5  25
0:0:0:0:0:0:0:1 -  -  [07/Jun/2015:03:14:46 +0000] "GET / HTTP/1.1" 200 3391  32
0:0:0:0:0:0:0:1 -  -  [07/Jun/2015:03:14:46 +0000] "GET /c/jsoneditor/dist/jsoneditor.css HTTP/1.1" 200 12807  6
0:0:0:0:0:0:0:1 -  -  [07/Jun/2015:03:14:46 +0000] "GET /s/jsoneditor/dist/jsoneditor.js HTTP/1.1" 200 919196  40
0:0:0:0:0:0:0:1 -  -  [07/Jun/2015:03:14:46 +0000] "GET /favicon.ico HTTP/1.1" 404 1376  3
0:0:0:0:0:0:0:1 -  -  [07/Jun/2015:03:14:56 +0000] "GET /?url=&rootXpath=&display=Extract HTTP/1.1" 200 3391  9
0:0:0:0:0:0:0:1 -  -  [07/Jun/2015:03:14:56 +0000] "GET /getQuestions HTTP/1.1" 200 5  175
0:0:0:0:0:0:0:1 -  -  [07/Jun/2015:03:15:04 +0000] "GET /?url=&rootXpath=&display=Extract HTTP/1.1" 304 0  5
0:0:0:0:0:0:0:1 -  -  [07/Jun/2015:03:15:04 +0000] "GET /getQuestions HTTP/1.1" 200 5  17
0:0:0:0:0:0:0:1 -  -  [07/Jun/2015:03:16:13 +0000] "GET /?url=&rootXpath=&display=Extract HTTP/1.1" 304 0  6
0:0:0:0:0:0:0:1 -  -  [07/Jun/2015:03:16:13 +0000] "GET /getQuestions HTTP/1.1" 200 5  27
0:0:0:0:0:0:0:1 -  -  [07/Jun/2015:03:16:17 +0000] "GET /getQuestions HTTP/1.1" 200 5  12
0:0:0:0:0:0:0:1 -  -  [07/Jun/2015:03:16:28 +0000] "GET /?url=&rootXpath=&display=Extract HTTP/1.1" 304 0  3
0:0:0:0:0:0:0:1 -  -  [07/Jun/2015:03:16:28 +0000] "GET /getQuestions HTTP/1.1" 200 5  17
