0:0:0:0:0:0:0:1 -  -  [10/Jun/2015:09:33:58 +0000] "GET / HTTP/1.1" 200 5775  34
0:0:0:0:0:0:0:1 -  -  [10/Jun/2015:09:33:58 +0000] "GET /c/custom/custom.css HTTP/1.1" 200 1131  3
0:0:0:0:0:0:0:1 -  -  [10/Jun/2015:09:33:58 +0000] "GET /c/jsoneditor/dist/jsoneditor.css HTTP/1.1" 200 12807  5
0:0:0:0:0:0:0:1 -  -  [10/Jun/2015:09:33:58 +0000] "GET /s/jsoneditor/dist/jsoneditor.js HTTP/1.1" 200 919196  35
0:0:0:0:0:0:0:1 -  -  [10/Jun/2015:09:34:00 +0000] "GET /getQuestions HTTP/1.1" 200 889  148
0:0:0:0:0:0:0:1 -  -  [10/Jun/2015:09:52:39 +0000] "GET / HTTP/1.1" 200 5792  33
0:0:0:0:0:0:0:1 -  -  [10/Jun/2015:09:52:39 +0000] "GET /c/custom/custom.css HTTP/1.1" 200 1131  9
0:0:0:0:0:0:0:1 -  -  [10/Jun/2015:09:52:39 +0000] "GET /c/jsoneditor/dist/jsoneditor.css HTTP/1.1" 200 12807  9
0:0:0:0:0:0:0:1 -  -  [10/Jun/2015:09:52:39 +0000] "GET /s/jsoneditor/dist/jsoneditor.js HTTP/1.1" 200 919196  38
0:0:0:0:0:0:0:1 -  -  [10/Jun/2015:09:52:40 +0000] "GET /getQuestions HTTP/1.1" 200 889  138
0:0:0:0:0:0:0:1 -  -  [10/Jun/2015:09:53:56 +0000] "GET / HTTP/1.1" 200 5792  33
0:0:0:0:0:0:0:1 -  -  [10/Jun/2015:09:53:56 +0000] "GET /c/jsoneditor/dist/jsoneditor.css HTTP/1.1" 200 12807  4
0:0:0:0:0:0:0:1 -  -  [10/Jun/2015:09:53:56 +0000] "GET /c/custom/custom.css HTTP/1.1" 200 1131  3
0:0:0:0:0:0:0:1 -  -  [10/Jun/2015:09:53:56 +0000] "GET /s/jsoneditor/dist/jsoneditor.js HTTP/1.1" 200 919196  38
0:0:0:0:0:0:0:1 -  -  [10/Jun/2015:09:53:57 +0000] "GET /getQuestions HTTP/1.1" 200 889  130
0:0:0:0:0:0:0:1 -  -  [10/Jun/2015:09:53:58 +0000] "GET /c/jsoneditor/dist/img/jsoneditor-icons.png HTTP/1.1" 200 14438  3
0:0:0:0:0:0:0:1 -  -  [10/Jun/2015:09:55:17 +0000] "GET /getQuestions HTTP/1.1" 200 1777  13
0:0:0:0:0:0:0:1 -  -  [10/Jun/2015:09:55:23 +0000] "GET /getQuestions HTTP/1.1" 200 2665  18
0:0:0:0:0:0:0:1 -  -  [10/Jun/2015:09:55:24 +0000] "GET /getQuestions HTTP/1.1" 200 3553  9
0:0:0:0:0:0:0:1 -  -  [10/Jun/2015:09:55:24 +0000] "GET /getQuestions HTTP/1.1" 200 4441  9
0:0:0:0:0:0:0:1 -  -  [10/Jun/2015:09:55:24 +0000] "GET /getQuestions HTTP/1.1" 200 5329  9
0:0:0:0:0:0:0:1 -  -  [10/Jun/2015:09:55:32 +0000] "GET /getQuestions HTTP/1.1" 200 6217  7
0:0:0:0:0:0:0:1 -  -  [10/Jun/2015:09:55:35 +0000] "GET /getQuestions HTTP/1.1" 200 7105  10
0:0:0:0:0:0:0:1 -  -  [10/Jun/2015:10:01:33 +0000] "GET / HTTP/1.1" 200 5796  32
0:0:0:0:0:0:0:1 -  -  [10/Jun/2015:10:01:33 +0000] "GET /c/custom/custom.css HTTP/1.1" 200 1131  5
0:0:0:0:0:0:0:1 -  -  [10/Jun/2015:10:01:33 +0000] "GET /c/jsoneditor/dist/jsoneditor.css HTTP/1.1" 200 12807  12
0:0:0:0:0:0:0:1 -  -  [10/Jun/2015:10:01:33 +0000] "GET /s/jsoneditor/dist/jsoneditor.js HTTP/1.1" 200 919196  42
0:0:0:0:0:0:0:1 -  -  [10/Jun/2015:10:01:35 +0000] "GET /getQuestions HTTP/1.1" 200 889  127
0:0:0:0:0:0:0:1 -  -  [10/Jun/2015:10:01:35 +0000] "GET /c/jsoneditor/dist/img/jsoneditor-icons.png HTTP/1.1" 200 14438  3
0:0:0:0:0:0:0:1 -  -  [10/Jun/2015:10:01:39 +0000] "GET /getQuestions HTTP/1.1" 200 1777  12
0:0:0:0:0:0:0:1 -  -  [10/Jun/2015:10:03:43 +0000] "GET / HTTP/1.1" 200 5696  33
0:0:0:0:0:0:0:1 -  -  [10/Jun/2015:10:03:43 +0000] "GET /c/jsoneditor/dist/jsoneditor.css HTTP/1.1" 200 12807  10
0:0:0:0:0:0:0:1 -  -  [10/Jun/2015:10:03:43 +0000] "GET /c/custom/custom.css HTTP/1.1" 200 1131  10
0:0:0:0:0:0:0:1 -  -  [10/Jun/2015:10:03:43 +0000] "GET /s/jsoneditor/dist/jsoneditor.js HTTP/1.1" 200 919196  33
0:0:0:0:0:0:0:1 -  -  [10/Jun/2015:10:16:04 +0000] "GET / HTTP/1.1" 200 5738  31
0:0:0:0:0:0:0:1 -  -  [10/Jun/2015:10:16:04 +0000] "GET /c/custom/custom.css HTTP/1.1" 200 1131  9
0:0:0:0:0:0:0:1 -  -  [10/Jun/2015:10:16:04 +0000] "GET /c/jsoneditor/dist/jsoneditor.css HTTP/1.1" 200 12807  4
0:0:0:0:0:0:0:1 -  -  [10/Jun/2015:10:16:04 +0000] "GET /s/jsoneditor/dist/jsoneditor.js HTTP/1.1" 200 919196  36
0:0:0:0:0:0:0:1 -  -  [10/Jun/2015:10:16:05 +0000] "GET /getQuestions HTTP/1.1" 200 889  131
0:0:0:0:0:0:0:1 -  -  [10/Jun/2015:10:16:12 +0000] "GET /getQuestions HTTP/1.1" 200 1777  12
0:0:0:0:0:0:0:1 -  -  [10/Jun/2015:10:16:13 +0000] "GET /getQuestions HTTP/1.1" 200 2665  18
0:0:0:0:0:0:0:1 -  -  [10/Jun/2015:10:16:14 +0000] "GET /getQuestions HTTP/1.1" 200 3553  8
0:0:0:0:0:0:0:1 -  -  [10/Jun/2015:10:17:06 +0000] "GET / HTTP/1.1" 200 5730  32
0:0:0:0:0:0:0:1 -  -  [10/Jun/2015:10:17:07 +0000] "GET /c/custom/custom.css HTTP/1.1" 200 1131  3
0:0:0:0:0:0:0:1 -  -  [10/Jun/2015:10:17:07 +0000] "GET /c/jsoneditor/dist/jsoneditor.css HTTP/1.1" 200 12807  4
0:0:0:0:0:0:0:1 -  -  [10/Jun/2015:10:17:07 +0000] "GET /s/jsoneditor/dist/jsoneditor.js HTTP/1.1" 200 919196  31
0:0:0:0:0:0:0:1 -  -  [10/Jun/2015:10:17:08 +0000] "GET / HTTP/1.1" 304 0  3
0:0:0:0:0:0:0:1 -  -  [10/Jun/2015:10:17:10 +0000] "GET /getQuestions HTTP/1.1" 200 889  127
0:0:0:0:0:0:0:1 -  -  [10/Jun/2015:10:17:10 +0000] "GET /c/jsoneditor/dist/img/jsoneditor-icons.png HTTP/1.1" 200 14438  2
0:0:0:0:0:0:0:1 -  -  [10/Jun/2015:10:17:15 +0000] "GET /getQuestions HTTP/1.1" 200 1777  12
0:0:0:0:0:0:0:1 -  -  [10/Jun/2015:10:17:17 +0000] "GET /getQuestions HTTP/1.1" 200 2665  19
0:0:0:0:0:0:0:1 -  -  [10/Jun/2015:10:17:18 +0000] "GET /getQuestions HTTP/1.1" 200 3553  9
0:0:0:0:0:0:0:1 -  -  [10/Jun/2015:10:17:19 +0000] "GET /getQuestions HTTP/1.1" 200 4441  7
0:0:0:0:0:0:0:1 -  -  [10/Jun/2015:10:17:19 +0000] "GET /getQuestions HTTP/1.1" 200 5329  9
0:0:0:0:0:0:0:1 -  -  [10/Jun/2015:10:17:19 +0000] "GET /getQuestions HTTP/1.1" 200 6217  8
0:0:0:0:0:0:0:1 -  -  [10/Jun/2015:10:17:19 +0000] "GET /getQuestions HTTP/1.1" 200 7105  11
0:0:0:0:0:0:0:1 -  -  [10/Jun/2015:10:17:19 +0000] "GET /getQuestions HTTP/1.1" 200 7993  9
0:0:0:0:0:0:0:1 -  -  [10/Jun/2015:10:19:06 +0000] "GET / HTTP/1.1" 200 5760  30
0:0:0:0:0:0:0:1 -  -  [10/Jun/2015:10:19:06 +0000] "GET /c/custom/custom.css HTTP/1.1" 200 1131  3
0:0:0:0:0:0:0:1 -  -  [10/Jun/2015:10:19:06 +0000] "GET /c/jsoneditor/dist/jsoneditor.css HTTP/1.1" 200 12807  4
0:0:0:0:0:0:0:1 -  -  [10/Jun/2015:10:19:06 +0000] "GET /s/jsoneditor/dist/jsoneditor.js HTTP/1.1" 200 919196  29
0:0:0:0:0:0:0:1 -  -  [10/Jun/2015:10:21:59 +0000] "GET / HTTP/1.1" 200 5808  31
0:0:0:0:0:0:0:1 -  -  [10/Jun/2015:10:21:59 +0000] "GET /c/custom/custom.css HTTP/1.1" 200 1131  5
0:0:0:0:0:0:0:1 -  -  [10/Jun/2015:10:21:59 +0000] "GET /c/jsoneditor/dist/jsoneditor.css HTTP/1.1" 200 12807  6
0:0:0:0:0:0:0:1 -  -  [10/Jun/2015:10:22:00 +0000] "GET /s/jsoneditor/dist/jsoneditor.js HTTP/1.1" 200 919196  28
0:0:0:0:0:0:0:1 -  -  [10/Jun/2015:10:22:32 +0000] "GET / HTTP/1.1" 304 0  30
0:0:0:0:0:0:0:1 -  -  [10/Jun/2015:10:22:56 +0000] "GET / HTTP/1.1" 200 5780  31
0:0:0:0:0:0:0:1 -  -  [10/Jun/2015:10:22:56 +0000] "GET /c/custom/custom.css HTTP/1.1" 200 1131  7
0:0:0:0:0:0:0:1 -  -  [10/Jun/2015:10:22:56 +0000] "GET /c/jsoneditor/dist/jsoneditor.css HTTP/1.1" 200 12807  10
0:0:0:0:0:0:0:1 -  -  [10/Jun/2015:10:22:56 +0000] "GET /s/jsoneditor/dist/jsoneditor.js HTTP/1.1" 200 919196  42
0:0:0:0:0:0:0:1 -  -  [10/Jun/2015:10:22:57 +0000] "GET /getQuestions HTTP/1.1" 200 889  133
0:0:0:0:0:0:0:1 -  -  [10/Jun/2015:10:22:58 +0000] "GET /c/jsoneditor/dist/img/jsoneditor-icons.png HTTP/1.1" 200 14438  3
0:0:0:0:0:0:0:1 -  -  [10/Jun/2015:10:22:59 +0000] "GET /getQuestions HTTP/1.1" 200 889  11
0:0:0:0:0:0:0:1 -  -  [10/Jun/2015:10:23:07 +0000] "GET /getQuestions HTTP/1.1" 200 889  10
0:0:0:0:0:0:0:1 -  -  [10/Jun/2015:10:23:07 +0000] "GET /getQuestions HTTP/1.1" 200 889  8
0:0:0:0:0:0:0:1 -  -  [10/Jun/2015:10:23:08 +0000] "GET /getQuestions HTTP/1.1" 200 889  7
0:0:0:0:0:0:0:1 -  -  [10/Jun/2015:10:23:08 +0000] "GET /getQuestions HTTP/1.1" 200 889  15
0:0:0:0:0:0:0:1 -  -  [10/Jun/2015:10:23:08 +0000] "GET /getQuestions HTTP/1.1" 200 889  7
0:0:0:0:0:0:0:1 -  -  [10/Jun/2015:10:23:08 +0000] "GET /getQuestions HTTP/1.1" 200 889  7
0:0:0:0:0:0:0:1 -  -  [10/Jun/2015:10:23:08 +0000] "GET /getQuestions HTTP/1.1" 200 889  7
0:0:0:0:0:0:0:1 -  -  [10/Jun/2015:10:23:08 +0000] "GET /getQuestions HTTP/1.1" 200 889  8
0:0:0:0:0:0:0:1 -  -  [10/Jun/2015:10:23:09 +0000] "GET /getQuestions HTTP/1.1" 200 889  9
0:0:0:0:0:0:0:1 -  -  [10/Jun/2015:10:26:40 +0000] "GET /getQuestions HTTP/1.1" 200 889  10
0:0:0:0:0:0:0:1 -  -  [10/Jun/2015:10:42:31 +0000] "GET /getQuestions HTTP/1.1" 200 889  6
0:0:0:0:0:0:0:1 -  -  [10/Jun/2015:10:49:01 +0000] "GET /getQuestions HTTP/1.1" 200 889  5
0:0:0:0:0:0:0:1 -  -  [10/Jun/2015:11:43:00 +0000] "GET / HTTP/1.1" 200 8453  35
0:0:0:0:0:0:0:1 -  -  [10/Jun/2015:11:43:00 +0000] "GET /c/jsoneditor/dist/jsoneditor.css HTTP/1.1" 200 12807  5
0:0:0:0:0:0:0:1 -  -  [10/Jun/2015:11:43:00 +0000] "GET /c/jsoneditor/dist/zTreeStyle.css HTTP/1.1" 200 6223  11
0:0:0:0:0:0:0:1 -  -  [10/Jun/2015:11:43:00 +0000] "GET /s/jsoneditor/dist/jquery.ztree.core-3.5.js HTTP/1.1" 200 56637  10
0:0:0:0:0:0:0:1 -  -  [10/Jun/2015:11:43:00 +0000] "GET /s/jsoneditor/dist/jsoneditor.js HTTP/1.1" 200 919196  50
0:0:0:0:0:0:0:1 -  -  [10/Jun/2015:11:43:10 +0000] "GET /getQuestions HTTP/1.1" 200 889  137
0:0:0:0:0:0:0:1 -  -  [10/Jun/2015:11:44:26 +0000] "GET / HTTP/1.1" 200 8433  35
0:0:0:0:0:0:0:1 -  -  [10/Jun/2015:11:44:26 +0000] "GET /c/jsoneditor/dist/zTreeStyle.css HTTP/1.1" 200 6223  7
0:0:0:0:0:0:0:1 -  -  [10/Jun/2015:11:44:26 +0000] "GET /c/jsoneditor/dist/jsoneditor.css HTTP/1.1" 200 12807  10
0:0:0:0:0:0:0:1 -  -  [10/Jun/2015:11:44:26 +0000] "GET /s/jsoneditor/dist/jquery.ztree.core-3.5.js HTTP/1.1" 200 56637  11
0:0:0:0:0:0:0:1 -  -  [10/Jun/2015:11:44:26 +0000] "GET /s/jsoneditor/dist/jsoneditor.js HTTP/1.1" 200 919196  50
0:0:0:0:0:0:0:1 -  -  [10/Jun/2015:11:44:28 +0000] "GET /getQuestions HTTP/1.1" 200 889  126
0:0:0:0:0:0:0:1 -  -  [10/Jun/2015:11:45:40 +0000] "GET / HTTP/1.1" 200 8370  32
0:0:0:0:0:0:0:1 -  -  [10/Jun/2015:11:45:40 +0000] "GET /c/jsoneditor/dist/jsoneditor.css HTTP/1.1" 304 0  4
0:0:0:0:0:0:0:1 -  -  [10/Jun/2015:11:45:40 +0000] "GET /s/jsoneditor/dist/jsoneditor.js HTTP/1.1" 304 0  4
0:0:0:0:0:0:0:1 -  -  [10/Jun/2015:11:45:40 +0000] "GET /c/jsoneditor/dist/zTreeStyle.css HTTP/1.1" 200 6223  9
0:0:0:0:0:0:0:1 -  -  [10/Jun/2015:11:45:40 +0000] "GET /s/jsoneditor/dist/jquery.ztree.core-3.5.js HTTP/1.1" 200 56637  14
0:0:0:0:0:0:0:1 -  -  [10/Jun/2015:11:45:42 +0000] "GET /getQuestions HTTP/1.1" 200 889  128
0:0:0:0:0:0:0:1 -  -  [10/Jun/2015:11:51:26 +0000] "GET / HTTP/1.1" 200 8369  31
0:0:0:0:0:0:0:1 -  -  [10/Jun/2015:11:51:26 +0000] "GET /c/jsoneditor/dist/zTreeStyle.css HTTP/1.1" 200 6223  6
0:0:0:0:0:0:0:1 -  -  [10/Jun/2015:11:51:26 +0000] "GET /c/jsoneditor/dist/jsoneditor.css HTTP/1.1" 304 0  7
0:0:0:0:0:0:0:1 -  -  [10/Jun/2015:11:51:26 +0000] "GET /s/jsoneditor/dist/jsoneditor.js HTTP/1.1" 304 0  7
0:0:0:0:0:0:0:1 -  -  [10/Jun/2015:11:51:26 +0000] "GET /s/jsoneditor/dist/jquery.ztree.core-3.5.js HTTP/1.1" 200 56637  14
0:0:0:0:0:0:0:1 -  -  [10/Jun/2015:11:51:27 +0000] "GET /getQuestions HTTP/1.1" 200 889  126
0:0:0:0:0:0:0:1 -  -  [10/Jun/2015:11:52:02 +0000] "GET / HTTP/1.1" 304 0  32
0:0:0:0:0:0:0:1 -  -  [10/Jun/2015:11:52:03 +0000] "GET /getQuestions HTTP/1.1" 200 889  135
0:0:0:0:0:0:0:1 -  -  [10/Jun/2015:11:52:20 +0000] "GET / HTTP/1.1" 200 8369  31
0:0:0:0:0:0:0:1 -  -  [10/Jun/2015:11:52:21 +0000] "GET /s/jsoneditor/dist/jsoneditor.js HTTP/1.1" 304 0  3
0:0:0:0:0:0:0:1 -  -  [10/Jun/2015:11:52:21 +0000] "GET /c/jsoneditor/dist/jsoneditor.css HTTP/1.1" 304 0  3
0:0:0:0:0:0:0:1 -  -  [10/Jun/2015:11:52:21 +0000] "GET /c/jsoneditor/dist/zTreeStyle.css HTTP/1.1" 200 6223  4
0:0:0:0:0:0:0:1 -  -  [10/Jun/2015:11:52:21 +0000] "GET /s/jsoneditor/dist/jquery.ztree.core-3.5.js HTTP/1.1" 200 56637  7
0:0:0:0:0:0:0:1 -  -  [10/Jun/2015:11:52:22 +0000] "GET /getQuestions HTTP/1.1" 200 889  130
0:0:0:0:0:0:0:1 -  -  [10/Jun/2015:11:59:59 +0000] "GET / HTTP/1.1" 200 6023  30
0:0:0:0:0:0:0:1 -  -  [10/Jun/2015:11:59:59 +0000] "GET /c/jsoneditor/dist/jsoneditor.css HTTP/1.1" 304 0  3
0:0:0:0:0:0:0:1 -  -  [10/Jun/2015:11:59:59 +0000] "GET /s/jsoneditor/dist/jsoneditor.js HTTP/1.1" 304 0  3
0:0:0:0:0:0:0:1 -  -  [10/Jun/2015:11:59:59 +0000] "GET /c/jsoneditor/dist/zTreeStyle.css HTTP/1.1" 200 6223  3
0:0:0:0:0:0:0:1 -  -  [10/Jun/2015:11:59:59 +0000] "GET /s/jsoneditor/dist/jquery.ztree.core-3.5.js HTTP/1.1" 200 56637  5
0:0:0:0:0:0:0:1 -  -  [10/Jun/2015:12:01:47 +0000] "GET / HTTP/1.1" 200 6023  36
0:0:0:0:0:0:0:1 -  -  [10/Jun/2015:12:01:47 +0000] "GET /c/jsoneditor/dist/zTreeStyle.css HTTP/1.1" 200 6223  3
0:0:0:0:0:0:0:1 -  -  [10/Jun/2015:12:01:47 +0000] "GET /s/jsoneditor/dist/jquery.ztree.core-3.5.js HTTP/1.1" 200 56637  4
0:0:0:0:0:0:0:1 -  -  [10/Jun/2015:12:01:50 +0000] "GET /getQuestions HTTP/1.1" 200 889  123
0:0:0:0:0:0:0:1 -  -  [10/Jun/2015:12:03:29 +0000] "GET / HTTP/1.1" 200 6081  31
0:0:0:0:0:0:0:1 -  -  [10/Jun/2015:12:03:29 +0000] "GET /c/jsoneditor/dist/zTreeStyle.css HTTP/1.1" 200 6223  3
0:0:0:0:0:0:0:1 -  -  [10/Jun/2015:12:03:29 +0000] "GET /s/jsoneditor/dist/jquery.ztree.core-3.5.js HTTP/1.1" 200 56637  6
0:0:0:0:0:0:0:1 -  -  [10/Jun/2015:12:03:30 +0000] "GET /getQuestions HTTP/1.1" 200 889  132
0:0:0:0:0:0:0:1 -  -  [10/Jun/2015:12:05:02 +0000] "GET / HTTP/1.1" 200 6088  35
0:0:0:0:0:0:0:1 -  -  [10/Jun/2015:12:05:02 +0000] "GET /c/jsoneditor/dist/zTreeStyle.css HTTP/1.1" 200 6223  4
0:0:0:0:0:0:0:1 -  -  [10/Jun/2015:12:05:02 +0000] "GET /s/jsoneditor/dist/jquery.ztree.core-3.5.js HTTP/1.1" 200 56637  5
0:0:0:0:0:0:0:1 -  -  [10/Jun/2015:12:05:04 +0000] "GET /getQuestions HTTP/1.1" 200 889  127
0:0:0:0:0:0:0:1 -  -  [10/Jun/2015:12:29:24 +0000] "GET / HTTP/1.1" 200 6088  35
0:0:0:0:0:0:0:1 -  -  [10/Jun/2015:12:29:24 +0000] "GET /c/jsoneditor/dist/zTreeStyle.css HTTP/1.1" 200 6223  8
0:0:0:0:0:0:0:1 -  -  [10/Jun/2015:12:29:24 +0000] "GET /s/jsoneditor/dist/jquery.ztree.core-3.5.js HTTP/1.1" 200 56637  9
0:0:0:0:0:0:0:1 -  -  [10/Jun/2015:12:29:29 +0000] "GET /getQuestions HTTP/1.1" 200 889  131
