0:0:0:0:0:0:0:1 -  -  [11/Jun/2015:09:50:14 +0000] "GET / HTTP/1.1" 200 7043  33
0:0:0:0:0:0:0:1 -  -  [11/Jun/2015:09:50:15 +0000] "GET /c/jqwidgets/styles/jqx.base.css HTTP/1.1" 404 1396  4
0:0:0:0:0:0:0:1 -  -  [11/Jun/2015:09:50:15 +0000] "GET /s/jsoneditor/dist/jsoneditor.js HTTP/1.1" 304 0  5
0:0:0:0:0:0:0:1 -  -  [11/Jun/2015:09:50:15 +0000] "GET /c/jsoneditor/dist/jsoneditor.css HTTP/1.1" 304 0  6
0:0:0:0:0:0:0:1 -  -  [11/Jun/2015:09:50:15 +0000] "GET /c/jqwidgets/styles/jqx.summer.css HTTP/1.1" 404 1398  4
0:0:0:0:0:0:0:1 -  -  [11/Jun/2015:09:50:15 +0000] "GET /s/jqwidgets/jqxbuttons.js HTTP/1.1" 404 1390  3
0:0:0:0:0:0:0:1 -  -  [11/Jun/2015:09:50:15 +0000] "GET /s/jqwidgets/jqxcore.js HTTP/1.1" 404 1387  2
0:0:0:0:0:0:0:1 -  -  [11/Jun/2015:09:50:15 +0000] "GET /s/scripts/jquery-1.11.1.min.js HTTP/1.1" 404 1395  1
0:0:0:0:0:0:0:1 -  -  [11/Jun/2015:09:50:15 +0000] "GET /s/jqwidgets/jqxtree.js HTTP/1.1" 404 1387  4
0:0:0:0:0:0:0:1 -  -  [11/Jun/2015:09:50:15 +0000] "GET /s/jqwidgets/jqxcheckbox.js HTTP/1.1" 404 1391  3
0:0:0:0:0:0:0:1 -  -  [11/Jun/2015:09:50:15 +0000] "GET /s/jqwidgets/jqxscrollbar.js HTTP/1.1" 404 1392  5
0:0:0:0:0:0:0:1 -  -  [11/Jun/2015:09:50:15 +0000] "GET /s/jqwidgets/jqxpanel.js HTTP/1.1" 404 1388  4
0:0:0:0:0:0:0:1 -  -  [11/Jun/2015:09:50:15 +0000] "GET /s/scripts/jquery-1.11.1.min.js HTTP/1.1" 404 1395  3
0:0:0:0:0:0:0:1 -  -  [11/Jun/2015:09:50:15 +0000] "GET /s/jqwidgets/jqxscrollbar.js HTTP/1.1" 404 1392  1
0:0:0:0:0:0:0:1 -  -  [11/Jun/2015:09:50:15 +0000] "GET /s/jqwidgets/jqxpanel.js HTTP/1.1" 404 1388  1
0:0:0:0:0:0:0:1 -  -  [11/Jun/2015:09:50:15 +0000] "GET /s/jqwidgets/jqxtree.js HTTP/1.1" 404 1387  1
0:0:0:0:0:0:0:1 -  -  [11/Jun/2015:09:50:21 +0000] "GET /c/jqwidgets/styles/jqx.base.css HTTP/1.1" 404 1396  1
0:0:0:0:0:0:0:1 -  -  [11/Jun/2015:09:50:21 +0000] "GET /c/jqwidgets/styles/jqx.summer.css HTTP/1.1" 404 1398  2
0:0:0:0:0:0:0:1 -  -  [11/Jun/2015:09:53:57 +0000] "GET / HTTP/1.1" 200 7123  31
0:0:0:0:0:0:0:1 -  -  [11/Jun/2015:09:53:57 +0000] "GET /c/jsoneditor/dist/jsoneditor.css HTTP/1.1" 304 0  3
0:0:0:0:0:0:0:1 -  -  [11/Jun/2015:09:53:57 +0000] "GET /s/jsoneditor/dist/jsoneditor.js HTTP/1.1" 304 0  4
0:0:0:0:0:0:0:1 -  -  [11/Jun/2015:09:53:57 +0000] "GET /c/jqwidgets/jqwidgets/styles/jqx.summer.css HTTP/1.1" 200 5079  4
0:0:0:0:0:0:0:1 -  -  [11/Jun/2015:09:53:57 +0000] "GET /s/jqwidgets/jqwidgets/jqxcore.js HTTP/1.1" 200 35578  5
0:0:0:0:0:0:0:1 -  -  [11/Jun/2015:09:53:57 +0000] "GET /s/scripts/jquery-1.11.1.min.js HTTP/1.1" 404 1395  7
0:0:0:0:0:0:0:1 -  -  [11/Jun/2015:09:53:57 +0000] "GET /c/jqwidgets/jqwidgets/styles/jqx.base.css HTTP/1.1" 200 132063  17
0:0:0:0:0:0:0:1 -  -  [11/Jun/2015:09:53:57 +0000] "GET /s/jqwidgets/jqwidgets/jqxscrollbar.js HTTP/1.1" 200 29436  4
0:0:0:0:0:0:0:1 -  -  [11/Jun/2015:09:53:57 +0000] "GET /s/jqwidgets/jqwidgets/jqxpanel.js HTTP/1.1" 200 15053  4
0:0:0:0:0:0:0:1 -  -  [11/Jun/2015:09:53:57 +0000] "GET /s/jqwidgets/jqwidgets/jqxbuttons.js HTTP/1.1" 200 12519  5
0:0:0:0:0:0:0:1 -  -  [11/Jun/2015:09:53:57 +0000] "GET /s/jqwidgets/jqwidgets/jqxtree.js HTTP/1.1" 200 49884  5
0:0:0:0:0:0:0:1 -  -  [11/Jun/2015:09:53:57 +0000] "GET /s/jqwidgets/jqwidgets/jqxcheckbox.js HTTP/1.1" 200 12213  3
0:0:0:0:0:0:0:1 -  -  [11/Jun/2015:09:53:58 +0000] "GET /s/scripts/jquery-1.11.1.min.js HTTP/1.1" 404 1395  2
0:0:0:0:0:0:0:1 -  -  [11/Jun/2015:09:54:04 +0000] "GET /c/jqwidgets/jqwidgets/styles/images/icon-down.png HTTP/1.1" 200 142  3
0:0:0:0:0:0:0:1 -  -  [11/Jun/2015:09:54:04 +0000] "GET /c/jqwidgets/jqwidgets/styles/images/icon-right.png HTTP/1.1" 200 143  2
0:0:0:0:0:0:0:1 -  -  [11/Jun/2015:09:54:04 +0000] "GET /c/jqwidgets/jqwidgets/styles/images/icon-up.png HTTP/1.1" 200 130  2
0:0:0:0:0:0:0:1 -  -  [11/Jun/2015:09:54:04 +0000] "GET /c/jqwidgets/jqwidgets/styles/images/icon-left.png HTTP/1.1" 200 139  2
0:0:0:0:0:0:0:1 -  -  [11/Jun/2015:09:54:04 +0000] "GET /getQuestions HTTP/1.1" 200 889  144
0:0:0:0:0:0:0:1 -  -  [11/Jun/2015:10:00:19 +0000] "GET / HTTP/1.1" 200 7044  30
0:0:0:0:0:0:0:1 -  -  [11/Jun/2015:10:00:19 +0000] "GET /s/jsoneditor/dist/jsoneditor.js HTTP/1.1" 304 0  4
0:0:0:0:0:0:0:1 -  -  [11/Jun/2015:10:00:19 +0000] "GET /c/jsoneditor/dist/jsoneditor.css HTTP/1.1" 200 12807  5
0:0:0:0:0:0:0:1 -  -  [11/Jun/2015:10:00:19 +0000] "GET /s/scripts/jquery-1.11.1.min.js HTTP/1.1" 404 1395  3
0:0:0:0:0:0:0:1 -  -  [11/Jun/2015:10:00:19 +0000] "GET /c/jqwidgets/jqwidgets/styles/jqx.summer.css HTTP/1.1" 200 5079  4
0:0:0:0:0:0:0:1 -  -  [11/Jun/2015:10:00:19 +0000] "GET /s/jqwidgets/jqwidgets/jqxcore.js HTTP/1.1" 200 35578  5
0:0:0:0:0:0:0:1 -  -  [11/Jun/2015:10:00:19 +0000] "GET /c/jqwidgets/jqwidgets/styles/jqx.base.css HTTP/1.1" 200 132063  9
0:0:0:0:0:0:0:1 -  -  [11/Jun/2015:10:00:19 +0000] "GET /s/jqwidgets/jqwidgets/jqxbuttons.js HTTP/1.1" 200 12519  3
0:0:0:0:0:0:0:1 -  -  [11/Jun/2015:10:00:19 +0000] "GET /s/jqwidgets/jqwidgets/jqxpanel.js HTTP/1.1" 200 15053  3
0:0:0:0:0:0:0:1 -  -  [11/Jun/2015:10:00:19 +0000] "GET /s/jqwidgets/jqwidgets/jqxscrollbar.js HTTP/1.1" 200 29436  5
0:0:0:0:0:0:0:1 -  -  [11/Jun/2015:10:00:19 +0000] "GET /s/jqwidgets/jqwidgets/jqxcheckbox.js HTTP/1.1" 200 12213  4
0:0:0:0:0:0:0:1 -  -  [11/Jun/2015:10:00:19 +0000] "GET /s/jqwidgets/jqwidgets/jqxtree.js HTTP/1.1" 200 49884  7
0:0:0:0:0:0:0:1 -  -  [11/Jun/2015:10:00:21 +0000] "GET /c/jqwidgets/jqwidgets/styles/images/icon-down.png HTTP/1.1" 200 142  3
0:0:0:0:0:0:0:1 -  -  [11/Jun/2015:10:00:21 +0000] "GET /c/jqwidgets/jqwidgets/styles/images/icon-right.png HTTP/1.1" 200 143  2
0:0:0:0:0:0:0:1 -  -  [11/Jun/2015:10:00:21 +0000] "GET /c/jqwidgets/jqwidgets/styles/images/icon-left.png HTTP/1.1" 200 139  2
0:0:0:0:0:0:0:1 -  -  [11/Jun/2015:10:00:21 +0000] "GET /c/jqwidgets/jqwidgets/styles/images/icon-up.png HTTP/1.1" 200 130  2
0:0:0:0:0:0:0:1 -  -  [11/Jun/2015:10:00:21 +0000] "GET /getQuestions HTTP/1.1" 200 889  128
0:0:0:0:0:0:0:1 -  -  [11/Jun/2015:10:01:03 +0000] "GET / HTTP/1.1" 200 7011  31
0:0:0:0:0:0:0:1 -  -  [11/Jun/2015:10:01:03 +0000] "GET /s/jsoneditor/dist/jsoneditor.js HTTP/1.1" 304 0  4
0:0:0:0:0:0:0:1 -  -  [11/Jun/2015:10:01:03 +0000] "GET /c/jsoneditor/dist/jsoneditor.css HTTP/1.1" 200 12807  5
0:0:0:0:0:0:0:1 -  -  [11/Jun/2015:10:01:03 +0000] "GET /c/jqwidgets/jqwidgets/styles/jqx.summer.css HTTP/1.1" 200 5079  4
0:0:0:0:0:0:0:1 -  -  [11/Jun/2015:10:01:03 +0000] "GET /s/scripts/jquery-1.11.1.min.js HTTP/1.1" 404 1395  5
0:0:0:0:0:0:0:1 -  -  [11/Jun/2015:10:01:03 +0000] "GET /s/jqwidgets/jqwidgets/jqxcore.js HTTP/1.1" 200 35578  6
0:0:0:0:0:0:0:1 -  -  [11/Jun/2015:10:01:03 +0000] "GET /c/jqwidgets/jqwidgets/styles/jqx.base.css HTTP/1.1" 200 132063  13
0:0:0:0:0:0:0:1 -  -  [11/Jun/2015:10:01:03 +0000] "GET /s/jqwidgets/jqwidgets/jqxbuttons.js HTTP/1.1" 200 12519  4
0:0:0:0:0:0:0:1 -  -  [11/Jun/2015:10:01:03 +0000] "GET /s/jqwidgets/jqwidgets/jqxscrollbar.js HTTP/1.1" 200 29436  3
0:0:0:0:0:0:0:1 -  -  [11/Jun/2015:10:01:03 +0000] "GET /s/jqwidgets/jqwidgets/jqxpanel.js HTTP/1.1" 200 15053  4
0:0:0:0:0:0:0:1 -  -  [11/Jun/2015:10:01:03 +0000] "GET /s/jqwidgets/jqwidgets/jqxcheckbox.js HTTP/1.1" 200 12213  3
0:0:0:0:0:0:0:1 -  -  [11/Jun/2015:10:01:03 +0000] "GET /s/jqwidgets/jqwidgets/jqxtree.js HTTP/1.1" 200 49884  7
0:0:0:0:0:0:0:1 -  -  [11/Jun/2015:10:01:05 +0000] "GET /c/jqwidgets/jqwidgets/styles/images/icon-down.png HTTP/1.1" 200 142  3
0:0:0:0:0:0:0:1 -  -  [11/Jun/2015:10:01:05 +0000] "GET /c/jqwidgets/jqwidgets/styles/images/icon-right.png HTTP/1.1" 200 143  3
0:0:0:0:0:0:0:1 -  -  [11/Jun/2015:10:01:05 +0000] "GET /c/jqwidgets/jqwidgets/styles/images/icon-left.png HTTP/1.1" 200 139  1
0:0:0:0:0:0:0:1 -  -  [11/Jun/2015:10:01:05 +0000] "GET /c/jqwidgets/jqwidgets/styles/images/icon-up.png HTTP/1.1" 200 130  3
0:0:0:0:0:0:0:1 -  -  [11/Jun/2015:10:01:05 +0000] "GET /getQuestions HTTP/1.1" 200 889  135
0:0:0:0:0:0:0:1 -  -  [11/Jun/2015:10:02:43 +0000] "GET / HTTP/1.1" 200 7021  30
0:0:0:0:0:0:0:1 -  -  [11/Jun/2015:10:02:44 +0000] "GET /c/jsoneditor/dist/jsoneditor.css HTTP/1.1" 304 0  3
0:0:0:0:0:0:0:1 -  -  [11/Jun/2015:10:02:44 +0000] "GET /c/jqwidgets/jqwidgets/styles/jqx.summer.css HTTP/1.1" 200 5079  6
0:0:0:0:0:0:0:1 -  -  [11/Jun/2015:10:02:44 +0000] "GET /s/jqwidgets/jqwidgets/jqxcore.js HTTP/1.1" 200 35578  6
0:0:0:0:0:0:0:1 -  -  [11/Jun/2015:10:02:44 +0000] "GET /s/jqwidgets/jqwidgets/jqxbuttons.js HTTP/1.1" 200 12519  4
0:0:0:0:0:0:0:1 -  -  [11/Jun/2015:10:02:44 +0000] "GET /s/jqwidgets/scripts/jquery-1.11.1.min.js HTTP/1.1" 200 95786  18
0:0:0:0:0:0:0:1 -  -  [11/Jun/2015:10:02:44 +0000] "GET /s/jqwidgets/jqwidgets/jqxpanel.js HTTP/1.1" 200 15053  7
0:0:0:0:0:0:0:1 -  -  [11/Jun/2015:10:02:44 +0000] "GET /s/jqwidgets/jqwidgets/jqxscrollbar.js HTTP/1.1" 200 29436  8
0:0:0:0:0:0:0:1 -  -  [11/Jun/2015:10:02:44 +0000] "GET /s/jqwidgets/jqwidgets/jqxcheckbox.js HTTP/1.1" 200 12213  3
0:0:0:0:0:0:0:1 -  -  [11/Jun/2015:10:02:44 +0000] "GET /s/jqwidgets/jqwidgets/jqxtree.js HTTP/1.1" 200 49884  10
0:0:0:0:0:0:0:1 -  -  [11/Jun/2015:10:02:44 +0000] "GET /c/jqwidgets/jqwidgets/styles/jqx.base.css HTTP/1.1" 200 132063  28
0:0:0:0:0:0:0:1 -  -  [11/Jun/2015:10:02:44 +0000] "GET /s/jsoneditor/dist/jsoneditor.js HTTP/1.1" 200 919196  60
0:0:0:0:0:0:0:1 -  -  [11/Jun/2015:10:02:45 +0000] "GET /c/jqwidgets/jqwidgets/styles/images/icon-down.png HTTP/1.1" 200 142  3
0:0:0:0:0:0:0:1 -  -  [11/Jun/2015:10:02:45 +0000] "GET /c/jqwidgets/jqwidgets/styles/images/icon-right.png HTTP/1.1" 200 143  2
0:0:0:0:0:0:0:1 -  -  [11/Jun/2015:10:02:45 +0000] "GET /c/jqwidgets/jqwidgets/styles/images/icon-left.png HTTP/1.1" 200 139  2
0:0:0:0:0:0:0:1 -  -  [11/Jun/2015:10:02:45 +0000] "GET /c/jqwidgets/jqwidgets/styles/images/icon-up.png HTTP/1.1" 200 130  2
0:0:0:0:0:0:0:1 -  -  [11/Jun/2015:10:02:45 +0000] "GET /getQuestions HTTP/1.1" 200 889  129
0:0:0:0:0:0:0:1 -  -  [11/Jun/2015:10:11:32 +0000] "GET / HTTP/1.1" 304 0  3
0:0:0:0:0:0:0:1 -  -  [11/Jun/2015:10:11:32 +0000] "GET /s/jqwidgets/jqwidgets/jqxcore.js HTTP/1.1" 304 0  3
0:0:0:0:0:0:0:1 -  -  [11/Jun/2015:10:11:32 +0000] "GET /c/jqwidgets/jqwidgets/styles/jqx.base.css HTTP/1.1" 304 0  3
0:0:0:0:0:0:0:1 -  -  [11/Jun/2015:10:11:32 +0000] "GET /s/jqwidgets/jqwidgets/jqxbuttons.js HTTP/1.1" 304 0  3
0:0:0:0:0:0:0:1 -  -  [11/Jun/2015:10:11:32 +0000] "GET /s/jqwidgets/jqwidgets/jqxscrollbar.js HTTP/1.1" 304 0  2
0:0:0:0:0:0:0:1 -  -  [11/Jun/2015:10:11:32 +0000] "GET /c/jqwidgets/jqwidgets/styles/jqx.summer.css HTTP/1.1" 304 0  4
0:0:0:0:0:0:0:1 -  -  [11/Jun/2015:10:11:32 +0000] "GET /s/jqwidgets/scripts/jquery-1.11.1.min.js HTTP/1.1" 304 0  5
0:0:0:0:0:0:0:1 -  -  [11/Jun/2015:10:11:32 +0000] "GET /s/jqwidgets/jqwidgets/jqxpanel.js HTTP/1.1" 304 0  2
0:0:0:0:0:0:0:1 -  -  [11/Jun/2015:10:11:32 +0000] "GET /s/jqwidgets/jqwidgets/jqxcheckbox.js HTTP/1.1" 304 0  2
0:0:0:0:0:0:0:1 -  -  [11/Jun/2015:10:11:32 +0000] "GET /s/jqwidgets/jqwidgets/jqxtree.js HTTP/1.1" 304 0  2
0:0:0:0:0:0:0:1 -  -  [11/Jun/2015:10:12:02 +0000] "GET /getQuestions HTTP/1.1" 200 889  11
0:0:0:0:0:0:0:1 -  -  [11/Jun/2015:10:12:06 +0000] "GET / HTTP/1.1" 304 0  3
