0:0:0:0:0:0:0:1 -  -  [09/Jun/2015:00:59:33 +0000] "GET / HTTP/1.1" 200 4484  34
0:0:0:0:0:0:0:1 -  -  [09/Jun/2015:00:59:33 +0000] "GET /c/jsoneditor/dist/jsoneditor.css HTTP/1.1" 200 12807  8
0:0:0:0:0:0:0:1 -  -  [09/Jun/2015:00:59:33 +0000] "GET /s/jsoneditor/dist/jsoneditor.js HTTP/1.1" 304 0  9
0:0:0:0:0:0:0:1 -  -  [09/Jun/2015:00:59:36 +0000] "GET /doExtract HTTP/1.1" 200 1  73
0:0:0:0:0:0:0:1 -  -  [09/Jun/2015:00:59:54 +0000] "GET /doExtract HTTP/1.1" 200 1  1
0:0:0:0:0:0:0:1 -  -  [09/Jun/2015:01:01:29 +0000] "GET / HTTP/1.1" 200 4480  30
0:0:0:0:0:0:0:1 -  -  [09/Jun/2015:01:01:29 +0000] "GET /c/jsoneditor/dist/jsoneditor.css HTTP/1.1" 304 0  3
0:0:0:0:0:0:0:1 -  -  [09/Jun/2015:01:01:29 +0000] "GET /s/jsoneditor/dist/jsoneditor.js HTTP/1.1" 304 0  2
0:0:0:0:0:0:0:1 -  -  [09/Jun/2015:01:01:32 +0000] "GET /doExtract HTTP/1.1" 200 1  64
0:0:0:0:0:0:0:1 -  -  [09/Jun/2015:01:02:59 +0000] "GET / HTTP/1.1" 200 4524  30
0:0:0:0:0:0:0:1 -  -  [09/Jun/2015:01:02:59 +0000] "GET /c/jsoneditor/dist/jsoneditor.css HTTP/1.1" 304 0  7
0:0:0:0:0:0:0:1 -  -  [09/Jun/2015:01:02:59 +0000] "GET /s/jsoneditor/dist/jsoneditor.js HTTP/1.1" 304 0  11
0:0:0:0:0:0:0:1 -  -  [09/Jun/2015:01:03:05 +0000] "GET /doExtract HTTP/1.1" 200 1  63
0:0:0:0:0:0:0:1 -  -  [09/Jun/2015:01:06:10 +0000] "GET / HTTP/1.1" 200 4471  29
0:0:0:0:0:0:0:1 -  -  [09/Jun/2015:01:06:10 +0000] "GET /c/jsoneditor/dist/jsoneditor.css HTTP/1.1" 200 12807  6
0:0:0:0:0:0:0:1 -  -  [09/Jun/2015:01:06:10 +0000] "GET /s/jsoneditor/dist/jsoneditor.js HTTP/1.1" 304 0  10
0:0:0:0:0:0:0:1 -  -  [09/Jun/2015:01:06:12 +0000] "GET /doExtract HTTP/1.1" 200 1  63
0:0:0:0:0:0:0:1 -  -  [09/Jun/2015:01:07:08 +0000] "GET / HTTP/1.1" 200 4473  27
0:0:0:0:0:0:0:1 -  -  [09/Jun/2015:01:07:08 +0000] "GET /c/jsoneditor/dist/jsoneditor.css HTTP/1.1" 200 12807  4
0:0:0:0:0:0:0:1 -  -  [09/Jun/2015:01:07:08 +0000] "GET /s/jsoneditor/dist/jsoneditor.js HTTP/1.1" 304 0  6
0:0:0:0:0:0:0:1 -  -  [09/Jun/2015:01:07:09 +0000] "GET /doExtract HTTP/1.1" 200 1  66
0:0:0:0:0:0:0:1 -  -  [09/Jun/2015:01:07:22 +0000] "GET /getQuestions HTTP/1.1" 200 1777  87
0:0:0:0:0:0:0:1 -  -  [09/Jun/2015:01:07:25 +0000] "GET /c/jsoneditor/dist/img/jsoneditor-icons.png HTTP/1.1" 200 14438  4
0:0:0:0:0:0:0:1 -  -  [09/Jun/2015:01:15:52 +0000] "GET / HTTP/1.1" 200 4466  32
0:0:0:0:0:0:0:1 -  -  [09/Jun/2015:01:15:52 +0000] "GET /c/jsoneditor/dist/jsoneditor.css HTTP/1.1" 200 12807  6
0:0:0:0:0:0:0:1 -  -  [09/Jun/2015:01:15:52 +0000] "GET /s/jsoneditor/dist/jsoneditor.js HTTP/1.1" 304 0  7
0:0:0:0:0:0:0:1 -  -  [09/Jun/2015:01:15:53 +0000] "GET /doExtract HTTP/1.1" 200 1  65
0:0:0:0:0:0:0:1 -  -  [09/Jun/2015:01:16:02 +0000] "GET /getQuestions HTTP/1.1" 200 1777  74
0:0:0:0:0:0:0:1 -  -  [09/Jun/2015:01:16:03 +0000] "GET /c/jsoneditor/dist/img/jsoneditor-icons.png HTTP/1.1" 200 14438  2
0:0:0:0:0:0:0:1 -  -  [09/Jun/2015:01:16:03 +0000] "GET / HTTP/1.1" 304 0  5
0:0:0:0:0:0:0:1 -  -  [09/Jun/2015:01:21:40 +0000] "GET / HTTP/1.1" 200 4468  34
0:0:0:0:0:0:0:1 -  -  [09/Jun/2015:01:21:40 +0000] "GET /s/jsoneditor/dist/jsoneditor.js HTTP/1.1" 304 0  3
0:0:0:0:0:0:0:1 -  -  [09/Jun/2015:01:21:40 +0000] "GET /c/jsoneditor/dist/jsoneditor.css HTTP/1.1" 200 12807  4
0:0:0:0:0:0:0:1 -  -  [09/Jun/2015:01:21:42 +0000] "GET /doExtract HTTP/1.1" 200 1  64
0:0:0:0:0:0:0:1 -  -  [09/Jun/2015:01:21:45 +0000] "GET /getQuestions HTTP/1.1" 200 1777  79
0:0:0:0:0:0:0:1 -  -  [09/Jun/2015:01:21:47 +0000] "GET /c/jsoneditor/dist/img/jsoneditor-icons.png HTTP/1.1" 200 14438  3
0:0:0:0:0:0:0:1 -  -  [09/Jun/2015:01:21:47 +0000] "GET / HTTP/1.1" 304 0  3
0:0:0:0:0:0:0:1 -  -  [09/Jun/2015:01:23:50 +0000] "GET / HTTP/1.1" 200 3859  32
0:0:0:0:0:0:0:1 -  -  [09/Jun/2015:01:23:50 +0000] "GET /s/jsoneditor/dist/jsoneditor.js HTTP/1.1" 304 0  4
0:0:0:0:0:0:0:1 -  -  [09/Jun/2015:01:23:50 +0000] "GET /c/jsoneditor/dist/jsoneditor.css HTTP/1.1" 200 12807  4
0:0:0:0:0:0:0:1 -  -  [09/Jun/2015:01:23:52 +0000] "GET /doExtract HTTP/1.1" 200 1  65
0:0:0:0:0:0:0:1 -  -  [09/Jun/2015:01:23:54 +0000] "GET /getQuestions HTTP/1.1" 200 1777  73
0:0:0:0:0:0:0:1 -  -  [09/Jun/2015:01:23:56 +0000] "GET /c/jsoneditor/dist/img/jsoneditor-icons.png HTTP/1.1" 200 14438  3
0:0:0:0:0:0:0:1 -  -  [09/Jun/2015:05:41:35 +0000] "GET / HTTP/1.1" 200 4393  33
0:0:0:0:0:0:0:1 -  -  [09/Jun/2015:05:41:52 +0000] "GET /doExtract HTTP/1.1" 200 1  68
0:0:0:0:0:0:0:1 -  -  [09/Jun/2015:05:41:56 +0000] "GET /getQuestions HTTP/1.1" 200 1777  85
0:0:0:0:0:0:0:1 -  -  [09/Jun/2015:06:57:46 +0000] "GET / HTTP/1.1" 200 4332  32
0:0:0:0:0:0:0:1 -  -  [09/Jun/2015:06:57:46 +0000] "GET /c/jsoneditor/dist/jsoneditor.css HTTP/1.1" 304 0  7
0:0:0:0:0:0:0:1 -  -  [09/Jun/2015:06:57:48 +0000] "GET /doExtract HTTP/1.1" 200 1  64
0:0:0:0:0:0:0:1 -  -  [09/Jun/2015:06:57:51 +0000] "GET /getQuestions HTTP/1.1" 200 1777  77
0:0:0:0:0:0:0:1 -  -  [09/Jun/2015:06:58:33 +0000] "GET / HTTP/1.1" 200 4330  37
0:0:0:0:0:0:0:1 -  -  [09/Jun/2015:06:58:33 +0000] "GET /c/jsoneditor/dist/jsoneditor.css HTTP/1.1" 304 0  4
0:0:0:0:0:0:0:1 -  -  [09/Jun/2015:06:58:35 +0000] "GET /doExtract HTTP/1.1" 200 1  66
0:0:0:0:0:0:0:1 -  -  [09/Jun/2015:06:58:38 +0000] "GET /getQuestions HTTP/1.1" 200 1777  83
0:0:0:0:0:0:0:1 -  -  [09/Jun/2015:06:59:40 +0000] "GET /getQuestions HTTP/1.1" 200 2665  11
0:0:0:0:0:0:0:1 -  -  [09/Jun/2015:07:00:01 +0000] "GET / HTTP/1.1" 304 0  3
0:0:0:0:0:0:0:1 -  -  [09/Jun/2015:07:00:04 +0000] "GET /doExtract HTTP/1.1" 200 1  2
0:0:0:0:0:0:0:1 -  -  [09/Jun/2015:07:00:07 +0000] "GET /getQuestions HTTP/1.1" 200 4441  19
0:0:0:0:0:0:0:1 -  -  [09/Jun/2015:07:04:13 +0000] "GET / HTTP/1.1" 200 4332  29
0:0:0:0:0:0:0:1 -  -  [09/Jun/2015:07:04:13 +0000] "GET /c/jsoneditor/dist/jsoneditor.css HTTP/1.1" 304 0  8
0:0:0:0:0:0:0:1 -  -  [09/Jun/2015:07:04:14 +0000] "GET /doExtract HTTP/1.1" 200 1  64
0:0:0:0:0:0:0:1 -  -  [09/Jun/2015:07:04:17 +0000] "GET /getQuestions HTTP/1.1" 200 1777  74
0:0:0:0:0:0:0:1 -  -  [09/Jun/2015:07:05:47 +0000] "GET / HTTP/1.1" 200 4302  33
0:0:0:0:0:0:0:1 -  -  [09/Jun/2015:07:05:47 +0000] "GET /c/jsoneditor/dist/jsoneditor.css HTTP/1.1" 200 12807  5
0:0:0:0:0:0:0:1 -  -  [09/Jun/2015:07:05:47 +0000] "GET /s/jsoneditor/dist/jsoneditor.js HTTP/1.1" 304 0  8
0:0:0:0:0:0:0:1 -  -  [09/Jun/2015:07:05:49 +0000] "GET /doExtract HTTP/1.1" 200 1  63
0:0:0:0:0:0:0:1 -  -  [09/Jun/2015:07:05:51 +0000] "GET /getQuestions HTTP/1.1" 200 1777  73
0:0:0:0:0:0:0:1 -  -  [09/Jun/2015:07:12:28 +0000] "GET / HTTP/1.1" 200 4260  29
0:0:0:0:0:0:0:1 -  -  [09/Jun/2015:07:12:28 +0000] "GET /c/jsoneditor/dist/jsoneditor.css HTTP/1.1" 200 12807  9
0:0:0:0:0:0:0:1 -  -  [09/Jun/2015:07:12:28 +0000] "GET /s/jsoneditor/dist/jsoneditor.js HTTP/1.1" 304 0  9
0:0:0:0:0:0:0:1 -  -  [09/Jun/2015:07:12:30 +0000] "GET /doExtract HTTP/1.1" 200 1  58
0:0:0:0:0:0:0:1 -  -  [09/Jun/2015:07:12:32 +0000] "GET /getQuestions HTTP/1.1" 200 1777  78
0:0:0:0:0:0:0:1 -  -  [09/Jun/2015:07:25:38 +0000] "GET / HTTP/1.1" 200 4281  30
0:0:0:0:0:0:0:1 -  -  [09/Jun/2015:07:25:38 +0000] "GET /s/jsoneditor/dist/jsoneditor.js HTTP/1.1" 304 0  5
0:0:0:0:0:0:0:1 -  -  [09/Jun/2015:07:25:38 +0000] "GET /c/jsoneditor/dist/jsoneditor.css HTTP/1.1" 304 0  7
0:0:0:0:0:0:0:1 -  -  [09/Jun/2015:07:25:39 +0000] "GET /doExtract HTTP/1.1" 200 1  62
0:0:0:0:0:0:0:1 -  -  [09/Jun/2015:07:25:42 +0000] "GET /getQuestions HTTP/1.1" 200 1777  73
0:0:0:0:0:0:0:1 -  -  [09/Jun/2015:08:38:58 +0000] "GET / HTTP/1.1" 304 0  2
0:0:0:0:0:0:0:1 -  -  [09/Jun/2015:08:39:00 +0000] "GET /doExtract HTTP/1.1" 200 1  1
0:0:0:0:0:0:0:1 -  -  [09/Jun/2015:08:39:03 +0000] "GET /getQuestions HTTP/1.1" 200 3553  19
0:0:0:0:0:0:0:1 -  -  [09/Jun/2015:08:39:08 +0000] "GET /getQuestions HTTP/1.1" 200 4441  10
0:0:0:0:0:0:0:1 -  -  [09/Jun/2015:08:39:08 +0000] "GET /getQuestions HTTP/1.1" 200 5329  10
0:0:0:0:0:0:0:1 -  -  [09/Jun/2015:08:39:08 +0000] "GET /getQuestions HTTP/1.1" 200 6217  8
0:0:0:0:0:0:0:1 -  -  [09/Jun/2015:08:39:08 +0000] "GET /getQuestions HTTP/1.1" 200 7105  10
0:0:0:0:0:0:0:1 -  -  [09/Jun/2015:08:55:43 +0000] "GET / HTTP/1.1" 200 4354  34
0:0:0:0:0:0:0:1 -  -  [09/Jun/2015:08:55:43 +0000] "GET /c/jsoneditor/dist/jsoneditor.css HTTP/1.1" 304 0  4
0:0:0:0:0:0:0:1 -  -  [09/Jun/2015:08:55:43 +0000] "GET /s/jsoneditor/dist/jsoneditor.js HTTP/1.1" 304 0  2
0:0:0:0:0:0:0:1 -  -  [09/Jun/2015:08:55:43 +0000] "GET /c/custom/custom.css HTTP/1.1" 200 1288  4
0:0:0:0:0:0:0:1 -  -  [09/Jun/2015:08:55:49 +0000] "GET /doExtract HTTP/1.1" 200 1  65
0:0:0:0:0:0:0:1 -  -  [09/Jun/2015:08:55:52 +0000] "GET /getQuestions HTTP/1.1" 200 1777  75
0:0:0:0:0:0:0:1 -  -  [09/Jun/2015:08:58:44 +0000] "GET / HTTP/1.1" 200 4372  31
0:0:0:0:0:0:0:1 -  -  [09/Jun/2015:08:58:44 +0000] "GET /c/jsoneditor/dist/jsoneditor.css HTTP/1.1" 304 0  2
0:0:0:0:0:0:0:1 -  -  [09/Jun/2015:08:58:44 +0000] "GET /s/jsoneditor/dist/jsoneditor.js HTTP/1.1" 304 0  2
0:0:0:0:0:0:0:1 -  -  [09/Jun/2015:08:58:44 +0000] "GET /c/custom/custom.css HTTP/1.1" 200 1288  3
0:0:0:0:0:0:0:1 -  -  [09/Jun/2015:08:58:47 +0000] "GET /doExtract HTTP/1.1" 200 1  67
0:0:0:0:0:0:0:1 -  -  [09/Jun/2015:08:58:49 +0000] "GET /getQuestions HTTP/1.1" 200 1777  80
0:0:0:0:0:0:0:1 -  -  [09/Jun/2015:08:59:52 +0000] "GET / HTTP/1.1" 200 4380  31
0:0:0:0:0:0:0:1 -  -  [09/Jun/2015:08:59:52 +0000] "GET /c/custom/custom.css HTTP/1.1" 200 1288  4
0:0:0:0:0:0:0:1 -  -  [09/Jun/2015:08:59:52 +0000] "GET /s/jsoneditor/dist/jsoneditor.js HTTP/1.1" 304 0  3
0:0:0:0:0:0:0:1 -  -  [09/Jun/2015:08:59:54 +0000] "GET /doExtract HTTP/1.1" 200 1  68
0:0:0:0:0:0:0:1 -  -  [09/Jun/2015:08:59:56 +0000] "GET /getQuestions HTTP/1.1" 200 1777  76
0:0:0:0:0:0:0:1 -  -  [09/Jun/2015:09:00:34 +0000] "GET /getQuestions HTTP/1.1" 200 2665  11
0:0:0:0:0:0:0:1 -  -  [09/Jun/2015:09:00:34 +0000] "GET /getQuestions HTTP/1.1" 200 3553  20
0:0:0:0:0:0:0:1 -  -  [09/Jun/2015:09:56:30 +0000] "GET / HTTP/1.1" 200 4381  30
0:0:0:0:0:0:0:1 -  -  [09/Jun/2015:09:56:30 +0000] "GET /c/custom/custom.css HTTP/1.1" 200 1131  2
0:0:0:0:0:0:0:1 -  -  [09/Jun/2015:09:56:30 +0000] "GET /s/jsoneditor/dist/jsoneditor.js HTTP/1.1" 200 919196  23
0:0:0:0:0:0:0:1 -  -  [09/Jun/2015:09:56:32 +0000] "GET /doExtract HTTP/1.1" 200 1  66
0:0:0:0:0:0:0:1 -  -  [09/Jun/2015:09:56:34 +0000] "GET /getQuestions HTTP/1.1" 200 1777  87
0:0:0:0:0:0:0:1 -  -  [09/Jun/2015:09:56:40 +0000] "GET /c/custom/custom.css HTTP/1.1" 304 0  2
0:0:0:0:0:0:0:1 -  -  [09/Jun/2015:10:09:41 +0000] "GET / HTTP/1.1" 200 4681  31
0:0:0:0:0:0:0:1 -  -  [09/Jun/2015:10:09:41 +0000] "GET /c/custom/custom.css HTTP/1.1" 200 1131  3
0:0:0:0:0:0:0:1 -  -  [09/Jun/2015:10:09:41 +0000] "GET /s/jsoneditor/dist/jsoneditor.js HTTP/1.1" 200 919196  24
0:0:0:0:0:0:0:1 -  -  [09/Jun/2015:10:10:33 +0000] "GET / HTTP/1.1" 200 4715  33
0:0:0:0:0:0:0:1 -  -  [09/Jun/2015:10:10:33 +0000] "GET /c/custom/custom.css HTTP/1.1" 200 1131  2
0:0:0:0:0:0:0:1 -  -  [09/Jun/2015:10:10:33 +0000] "GET /c/jsoneditor/dist/jsoneditor.css HTTP/1.1" 200 12807  5
0:0:0:0:0:0:0:1 -  -  [09/Jun/2015:12:59:36 +0000] "GET / HTTP/1.1" 200 4866  31
0:0:0:0:0:0:0:1 -  -  [09/Jun/2015:12:59:36 +0000] "GET /c/custom/custom.css HTTP/1.1" 200 1131  3
0:0:0:0:0:0:0:1 -  -  [09/Jun/2015:12:59:36 +0000] "GET /c/jsoneditor/dist/jsoneditor.css HTTP/1.1" 200 12807  3
0:0:0:0:0:0:0:1 -  -  [09/Jun/2015:12:59:43 +0000] "GET /doExtract HTTP/1.1" 200 1  70
0:0:0:0:0:0:0:1 -  -  [09/Jun/2015:13:01:25 +0000] "GET / HTTP/1.1" 200 4918  28
0:0:0:0:0:0:0:1 -  -  [09/Jun/2015:13:01:25 +0000] "GET /c/custom/custom.css HTTP/1.1" 200 1131  3
0:0:0:0:0:0:0:1 -  -  [09/Jun/2015:13:01:25 +0000] "GET /c/jsoneditor/dist/jsoneditor.css HTTP/1.1" 200 12807  4
0:0:0:0:0:0:0:1 -  -  [09/Jun/2015:13:01:27 +0000] "GET /getQuestions HTTP/1.1" 200 889  136
0:0:0:0:0:0:0:1 -  -  [09/Jun/2015:13:02:21 +0000] "GET / HTTP/1.1" 304 0  4
0:0:0:0:0:0:0:1 -  -  [09/Jun/2015:13:02:24 +0000] "GET /getQuestions HTTP/1.1" 200 1777  11
0:0:0:0:0:0:0:1 -  -  [09/Jun/2015:13:13:46 +0000] "GET / HTTP/1.1" 200 5527  31
0:0:0:0:0:0:0:1 -  -  [09/Jun/2015:13:13:46 +0000] "GET /c/custom/custom.css HTTP/1.1" 200 1131  3
0:0:0:0:0:0:0:1 -  -  [09/Jun/2015:13:13:46 +0000] "GET /c/jsoneditor/dist/jsoneditor.css HTTP/1.1" 200 12807  3
0:0:0:0:0:0:0:1 -  -  [09/Jun/2015:13:13:46 +0000] "GET /s/jsoneditor/dist/jsoneditor.js HTTP/1.1" 200 919196  32
0:0:0:0:0:0:0:1 -  -  [09/Jun/2015:13:13:48 +0000] "GET /getQuestions HTTP/1.1" 200 889  505
0:0:0:0:0:0:0:1 -  -  [09/Jun/2015:13:13:58 +0000] "GET /getPages?undefined=&undefined= HTTP/1.1" 400 1377  9
0:0:0:0:0:0:0:1 -  -  [09/Jun/2015:13:14:52 +0000] "GET / HTTP/1.1" 200 5528  120
0:0:0:0:0:0:0:1 -  -  [09/Jun/2015:13:14:53 +0000] "GET /c/custom/custom.css HTTP/1.1" 200 1131  12
0:0:0:0:0:0:0:1 -  -  [09/Jun/2015:13:14:53 +0000] "GET /c/jsoneditor/dist/jsoneditor.css HTTP/1.1" 200 12807  19
0:0:0:0:0:0:0:1 -  -  [09/Jun/2015:13:14:53 +0000] "GET /s/jsoneditor/dist/jsoneditor.js HTTP/1.1" 200 919196  132
0:0:0:0:0:0:0:1 -  -  [09/Jun/2015:13:14:55 +0000] "GET /getQuestions HTTP/1.1" 200 889  478
0:0:0:0:0:0:0:1 -  -  [09/Jun/2015:13:15:00 +0000] "POST /getPages HTTP/1.1" 405 1425  10
0:0:0:0:0:0:0:1 -  -  [09/Jun/2015:13:16:39 +0000] "GET / HTTP/1.1" 304 0  109
0:0:0:0:0:0:0:1 -  -  [09/Jun/2015:13:16:41 +0000] "GET /getQuestions HTTP/1.1" 200 889  486
0:0:0:0:0:0:0:1 -  -  [09/Jun/2015:13:16:43 +0000] "POST /getPages HTTP/1.1" 400 1377  24
0:0:0:0:0:0:0:1 -  -  [09/Jun/2015:13:19:53 +0000] "GET / HTTP/1.1" 200 5560  124
0:0:0:0:0:0:0:1 -  -  [09/Jun/2015:13:19:54 +0000] "GET /c/jsoneditor/dist/jsoneditor.css HTTP/1.1" 200 12807  18
0:0:0:0:0:0:0:1 -  -  [09/Jun/2015:13:19:54 +0000] "GET /c/custom/custom.css HTTP/1.1" 200 1131  15
0:0:0:0:0:0:0:1 -  -  [09/Jun/2015:13:19:54 +0000] "GET /s/jsoneditor/dist/jsoneditor.js HTTP/1.1" 200 919196  135
0:0:0:0:0:0:0:1 -  -  [09/Jun/2015:13:19:56 +0000] "GET /getQuestions HTTP/1.1" 200 889  494
0:0:0:0:0:0:0:1 -  -  [09/Jun/2015:13:20:02 +0000] "POST /getPages HTTP/1.1" 400 1377  20
