0:0:0:0:0:0:0:1 -  -  [12/Jun/2015:14:51:02 +0000] "GET / HTTP/1.1" 200 4697  34
0:0:0:0:0:0:0:1 -  -  [12/Jun/2015:14:51:02 +0000] "GET /c/jsoneditor/dist/jsoneditor.css HTTP/1.1" 304 0  6
0:0:0:0:0:0:0:1 -  -  [12/Jun/2015:14:51:02 +0000] "GET /c/jqwidgets/jqwidgets/styles/jqx.summer.css HTTP/1.1" 200 5079  5
0:0:0:0:0:0:0:1 -  -  [12/Jun/2015:14:51:02 +0000] "GET /s/jqwidgets/jqwidgets/jqxcore.js HTTP/1.1" 200 35578  11
0:0:0:0:0:0:0:1 -  -  [12/Jun/2015:14:51:02 +0000] "GET /s/jqwidgets/jqwidgets/jqxbuttons.js HTTP/1.1" 200 12519  6
0:0:0:0:0:0:0:1 -  -  [12/Jun/2015:14:51:02 +0000] "GET /s/jqwidgets/jqwidgets/jqxscrollbar.js HTTP/1.1" 200 29436  4
0:0:0:0:0:0:0:1 -  -  [12/Jun/2015:14:51:02 +0000] "GET /s/jqwidgets/jqwidgets/jqxpanel.js HTTP/1.1" 200 15053  4
0:0:0:0:0:0:0:1 -  -  [12/Jun/2015:14:51:02 +0000] "GET /s/jqwidgets/jqwidgets/jqxcheckbox.js HTTP/1.1" 200 12213  3
0:0:0:0:0:0:0:1 -  -  [12/Jun/2015:14:51:02 +0000] "GET /s/jqwidgets/jqwidgets/jqxtree.js HTTP/1.1" 200 49884  5
0:0:0:0:0:0:0:1 -  -  [12/Jun/2015:14:51:02 +0000] "GET /c/jqwidgets/jqwidgets/styles/jqx.base.css HTTP/1.1" 200 132063  29
0:0:0:0:0:0:0:1 -  -  [12/Jun/2015:14:51:02 +0000] "GET /s/jqwidgets/scripts/jquery-1.11.1.min.js HTTP/1.1" 200 95786  36
0:0:0:0:0:0:0:1 -  -  [12/Jun/2015:14:51:02 +0000] "GET /s/jsoneditor/dist/jsoneditor.js HTTP/1.1" 200 919196  54
0:0:0:0:0:0:0:1 -  -  [12/Jun/2015:14:51:02 +0000] "GET /c/jqwidgets/jqwidgets/styles/images/icon-down.png HTTP/1.1" 200 142  3
0:0:0:0:0:0:0:1 -  -  [12/Jun/2015:14:51:02 +0000] "GET /c/jqwidgets/jqwidgets/styles/images/icon-right.png HTTP/1.1" 200 143  2
0:0:0:0:0:0:0:1 -  -  [12/Jun/2015:14:51:02 +0000] "GET /c/jqwidgets/jqwidgets/styles/images/icon-up.png HTTP/1.1" 200 130  2
0:0:0:0:0:0:0:1 -  -  [12/Jun/2015:14:51:02 +0000] "GET /c/jqwidgets/jqwidgets/styles/images/icon-left.png HTTP/1.1" 200 139  1
0:0:0:0:0:0:0:1 -  -  [12/Jun/2015:14:51:04 +0000] "GET /c/jqwidgets/jqwidgets/styles/images/check_black.png HTTP/1.1" 200 2922  3
0:0:0:0:0:0:0:1 -  -  [12/Jun/2015:14:57:13 +0000] "GET / HTTP/1.1" 200 7207  36
0:0:0:0:0:0:0:1 -  -  [12/Jun/2015:14:57:13 +0000] "GET /c/jsoneditor/dist/jsoneditor.css HTTP/1.1" 304 0  4
0:0:0:0:0:0:0:1 -  -  [12/Jun/2015:14:57:13 +0000] "GET /s/jqwidgets/jqwidgets/jqxcore.js HTTP/1.1" 200 35578  6
0:0:0:0:0:0:0:1 -  -  [12/Jun/2015:14:57:13 +0000] "GET /c/jqwidgets/jqwidgets/styles/jqx.summer.css HTTP/1.1" 200 5079  5
0:0:0:0:0:0:0:1 -  -  [12/Jun/2015:14:57:13 +0000] "GET /s/jqwidgets/jqwidgets/jqxbuttons.js HTTP/1.1" 200 12519  4
0:0:0:0:0:0:0:1 -  -  [12/Jun/2015:14:57:13 +0000] "GET /s/jqwidgets/jqwidgets/jqxscrollbar.js HTTP/1.1" 200 29436  4
0:0:0:0:0:0:0:1 -  -  [12/Jun/2015:14:57:13 +0000] "GET /s/jqwidgets/jqwidgets/jqxpanel.js HTTP/1.1" 200 15053  5
0:0:0:0:0:0:0:1 -  -  [12/Jun/2015:14:57:13 +0000] "GET /s/jqwidgets/scripts/jquery-1.11.1.min.js HTTP/1.1" 200 95786  18
0:0:0:0:0:0:0:1 -  -  [12/Jun/2015:14:57:13 +0000] "GET /s/jqwidgets/jqwidgets/jqxcheckbox.js HTTP/1.1" 200 12213  3
0:0:0:0:0:0:0:1 -  -  [12/Jun/2015:14:57:13 +0000] "GET /s/jqwidgets/jqwidgets/jqxtree.js HTTP/1.1" 200 49884  5
0:0:0:0:0:0:0:1 -  -  [12/Jun/2015:14:57:13 +0000] "GET /c/jqwidgets/jqwidgets/styles/jqx.base.css HTTP/1.1" 200 132063  19
0:0:0:0:0:0:0:1 -  -  [12/Jun/2015:14:57:13 +0000] "GET /s/jsoneditor/dist/jsoneditor.js HTTP/1.1" 200 919196  36
0:0:0:0:0:0:0:1 -  -  [12/Jun/2015:14:57:13 +0000] "GET /c/jqwidgets/jqwidgets/styles/images/icon-down.png HTTP/1.1" 200 142  3
0:0:0:0:0:0:0:1 -  -  [12/Jun/2015:14:57:13 +0000] "GET /c/jqwidgets/jqwidgets/styles/images/icon-right.png HTTP/1.1" 200 143  3
0:0:0:0:0:0:0:1 -  -  [12/Jun/2015:14:57:13 +0000] "GET /c/jqwidgets/jqwidgets/styles/images/icon-up.png HTTP/1.1" 200 130  2
0:0:0:0:0:0:0:1 -  -  [12/Jun/2015:14:57:13 +0000] "GET /c/jqwidgets/jqwidgets/styles/images/icon-left.png HTTP/1.1" 200 139  2
