0:0:0:0:0:0:0:1 -  -  [05/Jun/2015:08:55:44 +0000] "GET / HTTP/1.1" 200 3252  1301
0:0:0:0:0:0:0:1 -  -  [05/Jun/2015:08:55:46 +0000] "GET /c/demo_page.css;jsessionid=zlz8jfc9cdhgvxd0lwi8qv5b HTTP/1.1" 200 1448  14
0:0:0:0:0:0:0:1 -  -  [05/Jun/2015:08:55:46 +0000] "GET /c/jquery-ui-1.8.24.custom.css;jsessionid=zlz8jfc9cdhgvxd0lwi8qv5b HTTP/1.1" 200 22776  14
0:0:0:0:0:0:0:1 -  -  [05/Jun/2015:08:55:46 +0000] "GET /c/tabletools/dataTables.tableTools.min.css;jsessionid=zlz8jfc9cdhgvxd0lwi8qv5b HTTP/1.1" 200 6601  17
0:0:0:0:0:0:0:1 -  -  [05/Jun/2015:08:55:46 +0000] "GET /c/demo_table_jui.css;jsessionid=zlz8jfc9cdhgvxd0lwi8qv5b HTTP/1.1" 200 8963  17
0:0:0:0:0:0:0:1 -  -  [05/Jun/2015:08:55:46 +0000] "GET /c/demo_table.css;jsessionid=zlz8jfc9cdhgvxd0lwi8qv5b HTTP/1.1" 200 8749  17
0:0:0:0:0:0:0:1 -  -  [05/Jun/2015:08:55:46 +0000] "GET /c/tabletools/dataTables.tableTools.css;jsessionid=zlz8jfc9cdhgvxd0lwi8qv5b HTTP/1.1" 200 10617  16
0:0:0:0:0:0:0:1 -  -  [05/Jun/2015:08:55:46 +0000] "GET /s/jquery.jeditable.js;jsessionid=zlz8jfc9cdhgvxd0lwi8qv5b HTTP/1.1" 200 22959  8
0:0:0:0:0:0:0:1 -  -  [05/Jun/2015:08:55:46 +0000] "GET /s/tabletools/dataTables.tableTools.js;jsessionid=zlz8jfc9cdhgvxd0lwi8qv5b HTTP/1.1" 200 84183  12
0:0:0:0:0:0:0:1 -  -  [05/Jun/2015:08:55:46 +0000] "GET /s/jquery.js;jsessionid=zlz8jfc9cdhgvxd0lwi8qv5b HTTP/1.1" 200 95785  14
0:0:0:0:0:0:0:1 -  -  [05/Jun/2015:08:55:46 +0000] "GET /s/tabletools/dataTables.tableTools.min.js;jsessionid=zlz8jfc9cdhgvxd0lwi8qv5b HTTP/1.1" 200 31619  3
0:0:0:0:0:0:0:1 -  -  [05/Jun/2015:08:55:46 +0000] "GET /s/jquery.dataTables.editable.js;jsessionid=zlz8jfc9cdhgvxd0lwi8qv5b HTTP/1.1" 200 67502  21
0:0:0:0:0:0:0:1 -  -  [05/Jun/2015:08:55:46 +0000] "GET /s/jquery-ui.js;jsessionid=zlz8jfc9cdhgvxd0lwi8qv5b HTTP/1.1" 200 373523  31
0:0:0:0:0:0:0:1 -  -  [05/Jun/2015:08:55:46 +0000] "GET /s/jquery.dataTables.js;jsessionid=zlz8jfc9cdhgvxd0lwi8qv5b HTTP/1.1" 200 434957  36
0:0:0:0:0:0:0:1 -  -  [05/Jun/2015:08:55:46 +0000] "GET /c/images/ui-bg_highlight-soft_100_f6f6f6_1x100.png HTTP/1.1" 404 1415  2
0:0:0:0:0:0:0:1 -  -  [05/Jun/2015:08:55:46 +0000] "GET /c/images/ui-icons_666666_256x240.png HTTP/1.1" 404 1401  2
0:0:0:0:0:0:0:1 -  -  [05/Jun/2015:08:55:46 +0000] "GET /favicon.ico HTTP/1.1" 404 1376  2
0:0:0:0:0:0:0:1 -  -  [05/Jun/2015:08:55:46 +0000] "GET /c/swf/copy_csv_xls_pdf.swf;jsessionid=zlz8jfc9cdhgvxd0lwi8qv5b HTTP/1.1" 200 58845  4
0:0:0:0:0:0:0:1 -  -  [05/Jun/2015:09:02:56 +0000] "GET / HTTP/1.1" 404 1389  29
0:0:0:0:0:0:0:1 -  -  [05/Jun/2015:09:03:35 +0000] "GET / HTTP/1.1" 404 1389  33
0:0:0:0:0:0:0:1 -  -  [05/Jun/2015:09:07:21 +0000] "GET / HTTP/1.1" 404 1389  31
0:0:0:0:0:0:0:1 -  -  [05/Jun/2015:09:11:28 +0000] "GET / HTTP/1.1" 404 1389  31
0:0:0:0:0:0:0:1 -  -  [05/Jun/2015:09:12:33 +0000] "GET / HTTP/1.1" 404 1389  30
0:0:0:0:0:0:0:1 -  -  [05/Jun/2015:09:14:03 +0000] "GET / HTTP/1.1" 404 1394  30
0:0:0:0:0:0:0:1 -  -  [05/Jun/2015:09:15:30 +0000] "GET / HTTP/1.1" 404 1389  30
0:0:0:0:0:0:0:1 -  -  [05/Jun/2015:09:41:59 +0000] "GET / HTTP/1.1" 404 1370  26
0:0:0:0:0:0:0:1 -  -  [05/Jun/2015:09:42:56 +0000] "GET / HTTP/1.1" 200 2834  30
0:0:0:0:0:0:0:1 -  -  [05/Jun/2015:09:42:57 +0000] "GET /test2.html HTTP/1.1" 404 1375  2
0:0:0:0:0:0:0:1 -  -  [05/Jun/2015:09:44:44 +0000] "GET /test2.html HTTP/1.1" 404 1375  16
0:0:0:0:0:0:0:1 -  -  [05/Jun/2015:09:45:19 +0000] "GET /test2.html HTTP/1.1" 404 1375  15
0:0:0:0:0:0:0:1 -  -  [05/Jun/2015:09:45:40 +0000] "GET / HTTP/1.1" 200 1898  20
0:0:0:0:0:0:0:1 -  -  [05/Jun/2015:09:55:56 +0000] "GET / HTTP/1.1" 200 1492  32
0:0:0:0:0:0:0:1 -  -  [05/Jun/2015:09:56:00 +0000] "POST /doUpload HTTP/1.1" 404 1372  6
0:0:0:0:0:0:0:1 -  -  [05/Jun/2015:10:00:52 +0000] "GET / HTTP/1.1" 200 1503  32
0:0:0:0:0:0:0:1 -  -  [05/Jun/2015:10:00:55 +0000] "POST /doUpload HTTP/1.1" 405 1443  22
0:0:0:0:0:0:0:1 -  -  [05/Jun/2015:10:01:14 +0000] "POST /doUpload HTTP/1.1" 405 1443  4
0:0:0:0:0:0:0:1 -  -  [05/Jun/2015:10:04:39 +0000] "GET / HTTP/1.1" 200 1502  31
0:0:0:0:0:0:0:1 -  -  [05/Jun/2015:10:04:41 +0000] "GET /doUpload?url= HTTP/1.1" 500 16035  3131
0:0:0:0:0:0:0:1 -  -  [05/Jun/2015:10:06:17 +0000] "GET / HTTP/1.1" 304 0  32
0:0:0:0:0:0:0:1 -  -  [05/Jun/2015:10:06:42 +0000] "GET /doUpload?url=http%3A%2F%2Ftrinityindustries-openhire.silkroad.com%2Fepostings%2Fsubmit.cfm%3Ffuseaction%3Dapp.dspjob%26jobid%3D4022%26company_id%3D16373%26version%3D1%26jobBoardId%3D1112 HTTP/1.1" 200 58  12053
0:0:0:0:0:0:0:1 -  -  [05/Jun/2015:10:07:18 +0000] "GET / HTTP/1.1" 304 0  4
0:0:0:0:0:0:0:1 -  -  [05/Jun/2015:10:07:21 +0000] "GET /doUpload?url=http%3A%2F%2Ftrinityindustries-openhire.silkroad.com%2Fepostings%2Fsubmit.cfm%3Ffuseaction%3Dapp.dspjob%26jobid%3D4022%26company_id%3D16373%26version%3D1%26jobBoardId%3D1112 HTTP/1.1" 304 0  14177
0:0:0:0:0:0:0:1 -  -  [05/Jun/2015:12:08:55 +0000] "GET / HTTP/1.1" 200 1010  30
0:0:0:0:0:0:0:1 -  -  [05/Jun/2015:12:16:24 +0000] "GET / HTTP/1.1" 200 2231  31
0:0:0:0:0:0:0:1 -  -  [05/Jun/2015:12:18:19 +0000] "GET / HTTP/1.1" 200 1809  35
0:0:0:0:0:0:0:1 -  -  [05/Jun/2015:12:19:28 +0000] "GET / HTTP/1.1" 200 2200  44
0:0:0:0:0:0:0:1 -  -  [05/Jun/2015:12:40:22 +0000] "GET / HTTP/1.1" 200 2461  32
0:0:0:0:0:0:0:1 -  -  [05/Jun/2015:12:40:48 +0000] "GET / HTTP/1.1" 200 2332  4
0:0:0:0:0:0:0:1 -  -  [05/Jun/2015:12:45:38 +0000] "GET / HTTP/1.1" 200 2562  6
0:0:0:0:0:0:0:1 -  -  [05/Jun/2015:12:45:54 +0000] "GET / HTTP/1.1" 200 2563  7
0:0:0:0:0:0:0:1 -  -  [05/Jun/2015:12:46:31 +0000] "GET / HTTP/1.1" 200 2569  5
0:0:0:0:0:0:0:1 -  -  [05/Jun/2015:12:46:52 +0000] "GET / HTTP/1.1" 200 2567  5
0:0:0:0:0:0:0:1 -  -  [05/Jun/2015:12:49:04 +0000] "GET / HTTP/1.1" 200 2790  38
0:0:0:0:0:0:0:1 -  -  [05/Jun/2015:15:16:51 +0000] "GET / HTTP/1.1" 200 2798  4
0:0:0:0:0:0:0:1 -  -  [05/Jun/2015:15:20:45 +0000] "GET / HTTP/1.1" 200 2542  47
0:0:0:0:0:0:0:1 -  -  [05/Jun/2015:15:20:50 +0000] "GET /doExtract?url=test&extract=Go%21&rootXpath= HTTP/1.1" 404 1374  5
0:0:0:0:0:0:0:1 -  -  [05/Jun/2015:15:21:34 +0000] "GET / HTTP/1.1" 304 0  49
0:0:0:0:0:0:0:1 -  -  [05/Jun/2015:15:21:38 +0000] "GET /doExtract?url=test&extract=Go%21&rootXpath= HTTP/1.1" 500 9492  1659
0:0:0:0:0:0:0:1 -  -  [05/Jun/2015:15:22:26 +0000] "GET / HTTP/1.1" 304 0  44
0:0:0:0:0:0:0:1 -  -  [05/Jun/2015:15:22:31 +0000] "GET /doExtract?url=test&extract=Go%21&rootXpath= HTTP/1.1" 200 58  24
0:0:0:0:0:0:0:1 -  -  [05/Jun/2015:15:22:43 +0000] "GET /doExtract?url=test&rootXpath=test+root&display=Extract HTTP/1.1" 200 58  5
